TITLE (“Attack or Defend? The Role of Institutional Context on Patent Litigation Strategies") AND SRCTITLE("Journal of Management") AND  ( LIMIT-TO ( DOCTYPE ,  "ar" ) )
TITLE (“What Is Wrong With Treating Followers Differently? The Basis of Leader–Member Exchange Differentiation Matters") AND SRCTITLE("Journal of Management") AND  ( LIMIT-TO ( DOCTYPE ,  "ar" ) )
TITLE (“Systematic Subjectivity: How Subtle Biases Infect the Scholarship Review Process") AND SRCTITLE("Journal of Management") AND  ( LIMIT-TO ( DOCTYPE ,  "ar" ) )
TITLE (“Do Humble CEOs Matter? An Examination of CEO Humility and Firm Outcomes") AND SRCTITLE("Journal of Management") AND  ( LIMIT-TO ( DOCTYPE ,  "ar" ) )
TITLE (“Competence- and Integrity-Based Trust in Interorganizational Relationships: Which Matters More?") AND SRCTITLE("Journal of Management") AND  ( LIMIT-TO ( DOCTYPE ,  "ar" ) )
TITLE (“Meritocracies or Masculinities? The Differential Allocation of Named Professorships by Gender in the Academy") AND SRCTITLE("Journal of Management") AND  ( LIMIT-TO ( DOCTYPE ,  "ar" ) )
TITLE (“How Do Employees Perceive Corporate Responsibility? Development and Validation of a Multidimensional Corporate Stakeholder Responsibility Scale") AND SRCTITLE("Journal of Management") AND  ( LIMIT-TO ( DOCTYPE ,  "ar" ) )
TITLE (“Corrigendum to: Do Ethical, Authentic, and Servant Leadership Explain Variance Above and Beyond Transformational Leadership? A Meta-Analysis (Journal of Management, (2018), 44, 2, (501-529), 10.1177/0149206316665461)") AND SRCTITLE("Journal of Management") AND  ( LIMIT-TO ( DOCTYPE ,  "ar" ) )
TITLE (“Board Interlocks and Firm Performance: Toward a Combined Agency–Resource Dependence Perspective") AND SRCTITLE("Journal of Management") AND  ( LIMIT-TO ( DOCTYPE ,  "ar" ) )
TITLE (“Revisiting the Development and Validation of the Authentic Leadership Questionnaire: Analytical Clarifications") AND SRCTITLE("Journal of Management") AND  ( LIMIT-TO ( DOCTYPE ,  "ar" ) )
TITLE (“Corrigendum to: The Thin Line Between Empowering and Laissez-Faire Leadership: An Expectancy-Match Perspective (Journal of Management, (2018), 44, 2, (757-783), 10.1177/0149206315574597)") AND SRCTITLE("Journal of Management") AND  ( LIMIT-TO ( DOCTYPE ,  "ar" ) )
TITLE (“Contradictory yet Coherent? Inconsistency in Performance Feedback and R&amp;D Investment Change") AND SRCTITLE("Journal of Management") AND  ( LIMIT-TO ( DOCTYPE ,  "ar" ) )
TITLE (“Constructive Organizational Values Climate and Organizational Citizenship Behaviors: A Configurational View") AND SRCTITLE("Journal of Management") AND  ( LIMIT-TO ( DOCTYPE ,  "ar" ) )
TITLE (“Putting the System Into Performance Management Systems: A Review and Agenda for Performance Management Research") AND SRCTITLE("Journal of Management") AND  ( LIMIT-TO ( DOCTYPE ,  "ar" ) )
TITLE (“Do Ethical, Authentic, and Servant Leadership Explain Variance Above and Beyond Transformational Leadership? A Meta-Analysis") AND SRCTITLE("Journal of Management") AND  ( LIMIT-TO ( DOCTYPE ,  "ar" ) )
TITLE (“Mental Illness in the Workplace: An Interdisciplinary Review and Organizational Research Agenda") AND SRCTITLE("Journal of Management") AND  ( LIMIT-TO ( DOCTYPE ,  "ar" ) )
TITLE (“How Situational Cues and Mindset Dynamics Shape Personality Effects on Career Outcomes") AND SRCTITLE("Journal of Management") AND  ( LIMIT-TO ( DOCTYPE ,  "ar" ) )
TITLE (“Selecting Legal Advisors in M&amp;As: Organizational Learning and the Role of Multiplicity of Mental Models") AND SRCTITLE("Journal of Management") AND  ( LIMIT-TO ( DOCTYPE ,  "ar" ) )
TITLE (“Managing Resource Allocation: Personal Reflections From a Managerial Perspective") AND SRCTITLE("Journal of Management") AND  ( LIMIT-TO ( DOCTYPE ,  "ar" ) )
TITLE (“Bringing a Resource and Capability Lens to Resource Allocation") AND SRCTITLE("Journal of Management") AND  ( LIMIT-TO ( DOCTYPE ,  "ar" ) )
TITLE (“Activity Overinvestment: The Case of R&amp;D") AND SRCTITLE("Journal of Management") AND  ( LIMIT-TO ( DOCTYPE ,  "ar" ) )
TITLE (“Resource Allocation and Strategy") AND SRCTITLE("Journal of Management") AND  ( LIMIT-TO ( DOCTYPE ,  "ar" ) )
TITLE (“Organizationally Intractable Decision Problems and the Intellectual Virtues of Heuristics") AND SRCTITLE("Journal of Management") AND  ( LIMIT-TO ( DOCTYPE ,  "ar" ) )
TITLE (“Is More Feedback Seeking Always Better? Leader-Member Exchange Moderates the Relationship Between Feedback-Seeking Behavior and Performance") AND SRCTITLE("Journal of Management") AND  ( LIMIT-TO ( DOCTYPE ,  "ar" ) )
TITLE (“Almighty Dollar or Root of All Evil? Testing the Effects of Money on Workplace Behavior") AND SRCTITLE("Journal of Management") AND  ( LIMIT-TO ( DOCTYPE ,  "ar" ) )
TITLE (“The Impact of Store-Unit–Community Racial Diversity Congruence on Store-Unit Sales Performance") AND SRCTITLE("Journal of Management") AND  ( LIMIT-TO ( DOCTYPE ,  "ar" ) )
TITLE (“Corrigendum to: Measuring Political Will in Organizations: Theoretical Construct Development and Empirical Validation (Journal of Management, (2017), 43, 7, (2252-2280), 10.1177/0149206314566460)") AND SRCTITLE("Journal of Management") AND  ( LIMIT-TO ( DOCTYPE ,  "ar" ) )
TITLE (“Should I Stay or Should I Go? Identity and Well-Being in Sensemaking About Retention and Turnover") AND SRCTITLE("Journal of Management") AND  ( LIMIT-TO ( DOCTYPE ,  "ar" ) )
TITLE (“The Benefits of Benefits: A Dynamic Approach to Motivation-Enhancing Human Resource Practices and Entrepreneurial Survival") AND SRCTITLE("Journal of Management") AND  ( LIMIT-TO ( DOCTYPE ,  "ar" ) )
TITLE (“Applicant Perspectives During Selection: A Review Addressing “So What?,” “What’s New?,” and “Where to Next?”") AND SRCTITLE("Journal of Management") AND  ( LIMIT-TO ( DOCTYPE ,  "ar" ) )
TITLE (“When Is Empowerment Effective? The Role of Leader-Leader Exchange in Empowering Leadership, Cynicism, and Time Theft") AND SRCTITLE("Journal of Management") AND  ( LIMIT-TO ( DOCTYPE ,  "ar" ) )
TITLE (“Are Disruptive CEO Successions Viewed as a Governance Lapse? Evidence From Board Turnover") AND SRCTITLE("Journal of Management") AND  ( LIMIT-TO ( DOCTYPE ,  "ar" ) )
TITLE (“Sell-Offs and Firm Performance: A Matter of Experience?") AND SRCTITLE("Journal of Management") AND  ( LIMIT-TO ( DOCTYPE ,  "ar" ) )
TITLE (“Corrigendum to: Customer mistreatment, employee health, and job performance: Cognitive rumination and social sharing as mediating mechanisms. (Journal of Management, 2014, 10.1177/0149206314550995)") AND SRCTITLE("Journal of Management") AND  ( LIMIT-TO ( DOCTYPE ,  "ar" ) )
TITLE (“Does Leader-Follower Regulatory Fit Matter? The Role of Regulatory Fit in Followers’ Organizational Citizenship Behavior") AND SRCTITLE("Journal of Management") AND  ( LIMIT-TO ( DOCTYPE ,  "ar" ) )
TITLE (“Toward a Goal Orientation–Based Feedback-Seeking Typology: Implications for Employee Performance Outcomes") AND SRCTITLE("Journal of Management") AND  ( LIMIT-TO ( DOCTYPE ,  "ar" ) )
TITLE (“Erratum to: Organizational Correctives for Improving Recognition of Near-Miss Events (Journal of Management, (2016), 42, 3, (671-697), 10.1177/0149206313498905)") AND SRCTITLE("Journal of Management") AND  ( LIMIT-TO ( DOCTYPE ,  "ar" ) )
TITLE (“Corrigendum to: The Chrysalis Effect: How Ugly Initial Results Metamorphosize Into Beautiful Articles (Journal of Management, (2017), 43, 2, (376-399), 10.1177/0149206314527133)") AND SRCTITLE("Journal of Management") AND  ( LIMIT-TO ( DOCTYPE ,  "ar" ) )
TITLE (“Do CEOs Ever Lose? Fairness Perspective on the Allocation of Residuals Between CEOs and Shareholders") AND SRCTITLE("Journal of Management") AND  ( LIMIT-TO ( DOCTYPE ,  "ar" ) )
TITLE (“Knowledge-Based and Contextual Factors Associated with R&amp;D Teams’ Improvisation Capability") AND SRCTITLE("Journal of Management") AND  ( LIMIT-TO ( DOCTYPE ,  "ar" ) )
TITLE (“All Work and No Play? A Meta-Analytic Examination of the Correlates and Outcomes of Workaholism") AND SRCTITLE("Journal of Management") AND  ( LIMIT-TO ( DOCTYPE ,  "ar" ) )
TITLE (“Social Media for Selection? Validity and Adverse Impact Potential of a Facebook-Based Assessment") AND SRCTITLE("Journal of Management") AND  ( LIMIT-TO ( DOCTYPE ,  "ar" ) )
TITLE (“A Meta-Analysis of Different Forms of Shared Leadership–Team Performance Relations") AND SRCTITLE("Journal of Management") AND  ( LIMIT-TO ( DOCTYPE ,  "ar" ) )
TITLE (“Are Commitment Profiles Stable and Predictable? A Latent Transition Analysis") AND SRCTITLE("Journal of Management") AND  ( LIMIT-TO ( DOCTYPE ,  "ar" ) )
TITLE (“Ownership of Corporations: A Review, Synthesis, and Research Agenda") AND SRCTITLE("Journal of Management") AND  ( LIMIT-TO ( DOCTYPE ,  "ar" ) )
TITLE (“Disentangling the Fairness &amp; Discrimination and Synergy Perspectives on Diversity Climate: Moving the Field Forward") AND SRCTITLE("Journal of Management") AND  ( LIMIT-TO ( DOCTYPE ,  "ar" ) )
TITLE (“Disability in the Workplace: A Unique and Variable Identity") AND SRCTITLE("Journal of Management") AND  ( LIMIT-TO ( DOCTYPE ,  "ar" ) )
TITLE (“Errors in Organizations: An Integrative Review via Level of Analysis, Temporal Dynamism, and Priority Lenses") AND SRCTITLE("Journal of Management") AND  ( LIMIT-TO ( DOCTYPE ,  "ar" ) )
TITLE (“Ensuring Research Integrity: An Editor’s Perspective") AND SRCTITLE("Journal of Management") AND  ( LIMIT-TO ( DOCTYPE ,  "ar" ) )
TITLE (“Should Entrepreneurially Oriented Firms Have Narcissistic CEOs?") AND SRCTITLE("Journal of Management") AND  ( LIMIT-TO ( DOCTYPE ,  "ar" ) )
TITLE (“The Role of Occupational Emotional Labor Requirements on the Surface Acting–Job Satisfaction Relationship") AND SRCTITLE("Journal of Management") AND  ( LIMIT-TO ( DOCTYPE ,  "ar" ) )
TITLE (“A Head Start or a Step Behind? Understanding How Dispositional and Motivational Resources Influence Emotional Exhaustion") AND SRCTITLE("Journal of Management") AND  ( LIMIT-TO ( DOCTYPE ,  "ar" ) )
TITLE (“Are Founder Directors Detrimental to New Ventures at Initial Public Offering?") AND SRCTITLE("Journal of Management") AND  ( LIMIT-TO ( DOCTYPE ,  "ar" ) )
TITLE (“Could We Huddle on This Project? Participant Learning in Newsroom Conversations") AND SRCTITLE("Journal of Management") AND  ( LIMIT-TO ( DOCTYPE ,  "ar" ) )
TITLE (“Can Knowledge-Intensive Teamwork Be Managed? Examining the Roles of HRM Systems, Leadership, and Tacit Knowledge") AND SRCTITLE("Journal of Management") AND  ( LIMIT-TO ( DOCTYPE ,  "ar" ) )
TITLE (“Fair Pay or Power Play? Pay Equity, Managerial Power, and Compensation Adjustments for CEOs") AND SRCTITLE("Journal of Management") AND  ( LIMIT-TO ( DOCTYPE ,  "ar" ) )
TITLE (“The Journal of Management’s First 40 Years: A Look Back") AND SRCTITLE("Journal of Management") AND  ( LIMIT-TO ( DOCTYPE ,  "ar" ) )
TITLE (“When Does Virtuality Really “Work”? Examining the Role of Work–Family and Virtuality in Social Loafing") AND SRCTITLE("Journal of Management") AND  ( LIMIT-TO ( DOCTYPE ,  "ar" ) )
TITLE (“Questions About Questionable Research Practices in the Field of Management: A Guest Commentary") AND SRCTITLE("Journal of Management") AND  ( LIMIT-TO ( DOCTYPE ,  "ar" ) )
TITLE (“Harking, Sharking, and Tharking: Making the Case for Post Hoc Analysis of Scientific Data") AND SRCTITLE("Journal of Management") AND  ( LIMIT-TO ( DOCTYPE ,  "ar" ) )
TITLE (“History and Organizational Change") AND SRCTITLE("Journal of Management") AND  ( LIMIT-TO ( DOCTYPE ,  "ar" ) )
TITLE (“Fifteen Years of Research on Business Model Innovation: How Far Have We Come, and Where Should We Go?") AND SRCTITLE("Journal of Management") AND  ( LIMIT-TO ( DOCTYPE ,  "ar" ) )
TITLE (“Employee Volunteering: A Review and Framework for Future Research") AND SRCTITLE("Journal of Management") AND  ( LIMIT-TO ( DOCTYPE ,  "ar" ) )
TITLE (“Where Do Market Categories Come From and How? Distinguishing Category Creation From Category Emergence") AND SRCTITLE("Journal of Management") AND  ( LIMIT-TO ( DOCTYPE ,  "ar" ) )
TITLE (“Toward a Configurational Perspective on the CEO: A Review and Synthesis of the Management Literature") AND SRCTITLE("Journal of Management") AND  ( LIMIT-TO ( DOCTYPE ,  "ar" ) )
TITLE (“Entry Timing: Enduring Lessons and Future Directions") AND SRCTITLE("Journal of Management") AND  ( LIMIT-TO ( DOCTYPE ,  "ar" ) )
TITLE (“Probability Theories and Organization Science: The Nature and Usefulness of Different Ways of Treating Uncertainty") AND SRCTITLE("Journal of Management") AND  ( LIMIT-TO ( DOCTYPE ,  "ar" ) )
TITLE (“A Review of Multilevel Regulatory Focus in Organizations") AND SRCTITLE("Journal of Management") AND  ( LIMIT-TO ( DOCTYPE ,  "ar" ) )
TITLE (“Erratum: Corrigendum: (Journal of Management (2012) 41 (164–202) (10.1177/0149206311429378))") AND SRCTITLE("Journal of Management") AND  ( LIMIT-TO ( DOCTYPE ,  "ar" ) )
TITLE (“A Review of Interorganizational Collaboration Dynamics") AND SRCTITLE("Journal of Management") AND  ( LIMIT-TO ( DOCTYPE ,  "ar" ) )
TITLE (“If You Wrong Us, Shall We Not Revenge? Moderating Roles of Self-Control and Perceived Aggressive Work Culture in Predicting Responses to Psychological Contract Breach") AND SRCTITLE("Journal of Management") AND  ( LIMIT-TO ( DOCTYPE ,  "ar" ) )
TITLE (“Farewell From the Outgoing Editorial Team, Welcome Incoming Team, and.. Happy 40th Birthday, JOM!") AND SRCTITLE("Journal of Management") AND  ( LIMIT-TO ( DOCTYPE ,  "ar" ) )
TITLE (“The Microfoundations of Organizational Social Networks: A Review and an Agenda for Future Research") AND SRCTITLE("Journal of Management") AND  ( LIMIT-TO ( DOCTYPE ,  "ar" ) )
TITLE (“To Invest or Not? The Role of Coworker Support and Trust in Daily Reciprocal Gain Spirals of Helping Behavior") AND SRCTITLE("Journal of Management") AND  ( LIMIT-TO ( DOCTYPE ,  "ar" ) )
TITLE (“Learning From Learning Theory: A Model of Organizational Adoption Strategies at the Microfoundations of Institutional Theory") AND SRCTITLE("Journal of Management") AND  ( LIMIT-TO ( DOCTYPE ,  "ar" ) )
TITLE (“Extraverts Engage in More Interpersonal Citizenship When Motivated to Impression Manage: Getting Along to Get Ahead?") AND SRCTITLE("Journal of Management") AND  ( LIMIT-TO ( DOCTYPE ,  "ar" ) )
TITLE (“Rendezvous Overdue: Bayes Analysis Meets Organizational Research") AND SRCTITLE("Journal of Management") AND  ( LIMIT-TO ( DOCTYPE ,  "ar" ) )
TITLE (“Untangling the Networking Phenomenon: A Dynamic Psychological Perspective on How and Why People Network") AND SRCTITLE("Journal of Management") AND  ( LIMIT-TO ( DOCTYPE ,  "ar" ) )
TITLE (“Dynamic Managerial Capabilities: Review and Assessment of Managerial Impact on Strategic Change") AND SRCTITLE("Journal of Management") AND  ( LIMIT-TO ( DOCTYPE ,  "ar" ) )
TITLE (“When Voice Matters: A Multilevel Review of the Impact of Voice in Organizations") AND SRCTITLE("Journal of Management") AND  ( LIMIT-TO ( DOCTYPE ,  "ar" ) )
TITLE (“Bayesian Structural Equation Modeling With Cross-Loadings and Residual Covariances: Comments on Stromeyer et al.") AND SRCTITLE("Journal of Management") AND  ( LIMIT-TO ( DOCTYPE ,  "ar" ) )
TITLE (“Virtual Teams Research: 10 Years, 10 Themes, and 10 Opportunities") AND SRCTITLE("Journal of Management") AND  ( LIMIT-TO ( DOCTYPE ,  "ar" ) )
TITLE (“Rethinking “Contribution”") AND SRCTITLE("Journal of Management") AND  ( LIMIT-TO ( DOCTYPE ,  "ar" ) )
TITLE (“Does Family Involvement Influence Firm Performance? Exploring the Mediating Effects of Board Processes and Tasks") AND SRCTITLE("Journal of Management") AND  ( LIMIT-TO ( DOCTYPE ,  "ar" ) )
TITLE (“It Isn’t Always Mutual: A Critical Review of Dyadic Trust") AND SRCTITLE("Journal of Management") AND  ( LIMIT-TO ( DOCTYPE ,  "ar" ) )
TITLE (“How Far Do Owners Reach Into the Divestiture Process? Blockholders and the Choice Between Spin-Off and Sell-Off") AND SRCTITLE("Journal of Management") AND  ( LIMIT-TO ( DOCTYPE ,  "ar" ) )
TITLE (“Multilevel and Strategic Recruiting: Where Have We Been, Where Can We Go From Here?") AND SRCTITLE("Journal of Management") AND  ( LIMIT-TO ( DOCTYPE ,  "ar" ) )
TITLE (“On Deconstructing Commentaries Regarding Alternative Theories of Self-Regulation") AND SRCTITLE("Journal of Management") AND  ( LIMIT-TO ( DOCTYPE ,  "ar" ) )
TITLE (“The Connection Between Varying Treatment Effects and the Crisis of Unreplicable Research: A Bayesian Perspective") AND SRCTITLE("Journal of Management") AND  ( LIMIT-TO ( DOCTYPE ,  "ar" ) )
TITLE (“Being Tough or Being Nice? A Meta-Analysis on the Impact of Hard- and Softline Strategies in Distributive Negotiations") AND SRCTITLE("Journal of Management") AND  ( LIMIT-TO ( DOCTYPE ,  "ar" ) )
TITLE (“Can Opportunity Emerge From Disarray? An Examination of Exploration and Exploitation Following Star Scientist Turnover") AND SRCTITLE("Journal of Management") AND  ( LIMIT-TO ( DOCTYPE ,  "ar" ) )
TITLE (“Does One Size Fit All? Investigating Pay–Future Performance Relationships Over the “Seasons” of CEO Tenure") AND SRCTITLE("Journal of Management") AND  ( LIMIT-TO ( DOCTYPE ,  "ar" ) )
TITLE (“Getting to the "COR": Understanding the Role of Resources in Conservation of Resources Theory") AND SRCTITLE("Journal of Management") AND  ( LIMIT-TO ( DOCTYPE ,  "ar" ) )
TITLE (“A Conceptual and Empirical Review of the Structure of Assessment Center Dimensions") AND SRCTITLE("Journal of Management") AND  ( LIMIT-TO ( DOCTYPE ,  "ar" ) )
TITLE (“Are Counterproductive Work Behavior and Withdrawal Empirically Distinct? A Meta-Analytic Investigation") AND SRCTITLE("Journal of Management") AND  ( LIMIT-TO ( DOCTYPE ,  "ar" ) )
TITLE (“More Applicants or More Applications per Applicant? A Big Question When Pools Are Small") AND SRCTITLE("Journal of Management") AND  ( LIMIT-TO ( DOCTYPE ,  "ar" ) )
TITLE (“Academics and Practitioners Are Alike and Unlike: The Paradoxes of Academic-Practitioner Relationships") AND SRCTITLE("Journal of Management") AND  ( LIMIT-TO ( DOCTYPE ,  "ar" ) )
TITLE (“Fair or Not Fair? The Effects of Numerical Framing on the Perceived Justice of Outcomes") AND SRCTITLE("Journal of Management") AND  ( LIMIT-TO ( DOCTYPE ,  "ar" ) )
TITLE (“Corrigendum: The interrelationships among informal institutions, formal institutions, and inward foreign direct investment [Journal of Management, 2013, 39, 531-566, DOI: 10.1177/0149206310393503]") AND SRCTITLE("Journal of Management") AND  ( LIMIT-TO ( DOCTYPE ,  "ar" ) )
TITLE (“Managing Concealable Stigmas at Work: A Review and Multilevel Model") AND SRCTITLE("Journal of Management") AND  ( LIMIT-TO ( DOCTYPE ,  "ar" ) )
TITLE (“Approach or Avoid? Exploring Overall Justice and the Differential Effects of Positive and Negative Emotions") AND SRCTITLE("Journal of Management") AND  ( LIMIT-TO ( DOCTYPE ,  "ar" ) )
TITLE (“Innovation and Creativity in Organizations: A State-of-the-Science Review, Prospective Commentary, and Guiding Framework") AND SRCTITLE("Journal of Management") AND  ( LIMIT-TO ( DOCTYPE ,  "ar" ) )
TITLE (“Shareholder Activism: A Multidisciplinary Review") AND SRCTITLE("Journal of Management") AND  ( LIMIT-TO ( DOCTYPE ,  "ar" ) )
TITLE (“Within-Person Variability in Job Performance: A Theoretical Review and Research Agenda") AND SRCTITLE("Journal of Management") AND  ( LIMIT-TO ( DOCTYPE ,  "ar" ) )
TITLE (“The Characteristics of Quality Scholarly Submissions: Considerations of Author Team Composition and Decision Making") AND SRCTITLE("Journal of Management") AND  ( LIMIT-TO ( DOCTYPE ,  "ar" ) )
TITLE (“Revisiting the Functional Properties of Self-Efficacy: A Dynamic Perspective") AND SRCTITLE("Journal of Management") AND  ( LIMIT-TO ( DOCTYPE ,  "ar" ) )
TITLE (“Organizational Decline and Turnaround: A Review and Agenda for Future Research") AND SRCTITLE("Journal of Management") AND  ( LIMIT-TO ( DOCTYPE ,  "ar" ) )
TITLE (“Work Stress and Employee Health: A Multidisciplinary Review") AND SRCTITLE("Journal of Management") AND  ( LIMIT-TO ( DOCTYPE ,  "ar" ) )
TITLE (“Destructive Leadership: A Theoretical Review, Integration, and Future Research Agenda") AND SRCTITLE("Journal of Management") AND  ( LIMIT-TO ( DOCTYPE ,  "ar" ) )
TITLE (“Management Control and the Decentralization of R&amp;D") AND SRCTITLE("Journal of Management") AND  ( LIMIT-TO ( DOCTYPE ,  "ar" ) )
TITLE (“Erratum to Benevolent sexism at work: Gender differences in the distribution of challenging developmental experiences (Journal of Management, (2012), 38, (1835-1866), 10.1177/0149206310365902)") AND SRCTITLE("Journal of Management") AND  ( LIMIT-TO ( DOCTYPE ,  "ar" ) )
TITLE (“How Does Corporate Ethics Contribute to Firm Financial Performance?: The Mediating Role of Collective Organizational Commitment and Organizational Citizenship Behavior") AND SRCTITLE("Journal of Management") AND  ( LIMIT-TO ( DOCTYPE ,  "ar" ) )
TITLE (“Erratum to Empowerment-fad or fab? A multilevel review of the past two decades of research (Journal of Management, (2012), 38, (1231-1281), 10.1177/0149206312438773)") AND SRCTITLE("Journal of Management") AND  ( LIMIT-TO ( DOCTYPE ,  "ar" ) )
TITLE (“Increasing Speed to Print") AND SRCTITLE("Journal of Management") AND  ( LIMIT-TO ( DOCTYPE ,  "ar" ) )
TITLE (“The Delivery of Bad News in Organizations: A Framework for Analysis") AND SRCTITLE("Journal of Management") AND  ( LIMIT-TO ( DOCTYPE ,  "ar" ) )
TITLE (“Board Composition Beyond Independence: Social Capital, Human Capital, and Demographics") AND SRCTITLE("Journal of Management") AND  ( LIMIT-TO ( DOCTYPE ,  "ar" ) )
TITLE (“Change the Referent? A Meta-Analytic Investigation of Direct and Referent-Shift Consensus Models for Organizational Climate") AND SRCTITLE("Journal of Management") AND  ( LIMIT-TO ( DOCTYPE ,  "ar" ) )
TITLE (“The Work–Family Interface and Promotability: Boundary Integration as a Double-Edged Sword") AND SRCTITLE("Journal of Management") AND  ( LIMIT-TO ( DOCTYPE ,  "ar" ) )
TITLE (“Demand-Perception and Self-Motivation as Opponent Processes: A Response to Bandura and Vancouver") AND SRCTITLE("Journal of Management") AND  ( LIMIT-TO ( DOCTYPE ,  "ar" ) )
TITLE (“The Leader–Member Exchange Relationship: A Multisource, Cross-Level Investigation") AND SRCTITLE("Journal of Management") AND  ( LIMIT-TO ( DOCTYPE ,  "ar" ) )
TITLE (“Invisible at Work: An Integrated Model of Workplace Ostracism") AND SRCTITLE("Journal of Management") AND  ( LIMIT-TO ( DOCTYPE ,  "ar" ) )
TITLE (“Erratum to Testing moderating hypotheses in limited dependent variable and other nonlinear models: Total versus secondary moderating effects (Journal of Management, (2012), 38, (860-889), 10.1177/0149206309356324)") AND SRCTITLE("Journal of Management") AND  ( LIMIT-TO ( DOCTYPE ,  "ar" ) )
TITLE (“Life After Business Failure: The Process and Consequences of Business Failure for Entrepreneurs") AND SRCTITLE("Journal of Management") AND  ( LIMIT-TO ( DOCTYPE ,  "ar" ) )
TITLE (“Change Readiness: A Multilevel Review") AND SRCTITLE("Journal of Management") AND  ( LIMIT-TO ( DOCTYPE ,  "ar" ) )
TITLE (“Self-Reported Limitations and Future Directions in Scholarly Reports: Analysis and Recommendations") AND SRCTITLE("Journal of Management") AND  ( LIMIT-TO ( DOCTYPE ,  "ar" ) )
TITLE (“Group Faultlines: A Review, Integration, and Guide to Future Research") AND SRCTITLE("Journal of Management") AND  ( LIMIT-TO ( DOCTYPE ,  "ar" ) )
TITLE (“Knowledge, Networks, and Knowledge Networks: A Review and Research Agenda") AND SRCTITLE("Journal of Management") AND  ( LIMIT-TO ( DOCTYPE ,  "ar" ) )
TITLE (“The Domain of Organizational Cognitive Neuroscience: Theoretical and Empirical Challenges") AND SRCTITLE("Journal of Management") AND  ( LIMIT-TO ( DOCTYPE ,  "ar" ) )
TITLE (“Whistle While You Work: A Review of the Life Satisfaction Literature") AND SRCTITLE("Journal of Management") AND  ( LIMIT-TO ( DOCTYPE ,  "ar" ) )
TITLE (“Empowerment-Fad or Fab? A Multilevel Review of the Past Two Decades of Research") AND SRCTITLE("Journal of Management") AND  ( LIMIT-TO ( DOCTYPE ,  "ar" ) )
TITLE (“When do acquisitions facilitate technological exploration and exploitation?") AND SRCTITLE("Journal of Management") AND  ( LIMIT-TO ( DOCTYPE ,  "ar" ) )
TITLE (“Misconceptions of traits continue to persist: A response to Bandura") AND SRCTITLE("Journal of Management") AND  ( LIMIT-TO ( DOCTYPE ,  "ar" ) )
TITLE (“Rhetorical Reckoning: A Response to Bandura") AND SRCTITLE("Journal of Management") AND  ( LIMIT-TO ( DOCTYPE ,  "ar" ) )
TITLE (“Welcome new JOM team and thank you outgoing team!") AND SRCTITLE("Journal of Management") AND  ( LIMIT-TO ( DOCTYPE ,  "ar" ) )
TITLE (“The determinants of alternative forms of workplace voice: An integrative perspective") AND SRCTITLE("Journal of Management") AND  ( LIMIT-TO ( DOCTYPE ,  "ar" ) )
TITLE (“A review of developmental networks: Incorporating a mutuality perspective") AND SRCTITLE("Journal of Management") AND  ( LIMIT-TO ( DOCTYPE ,  "ar" ) )
TITLE (“Functional top management team members: A review, synthesis, and research agenda") AND SRCTITLE("Journal of Management") AND  ( LIMIT-TO ( DOCTYPE ,  "ar" ) )
TITLE (“Contingency hypotheses in strategic management research: Use, disuse, or misuse?") AND SRCTITLE("Journal of Management") AND  ( LIMIT-TO ( DOCTYPE ,  "ar" ) )
TITLE (“A temporal perspective of merger and acquisition and strategic alliance initiatives: Review and future direction") AND SRCTITLE("Journal of Management") AND  ( LIMIT-TO ( DOCTYPE ,  "ar" ) )
TITLE (“A multidisciplinary review of the director selection literature") AND SRCTITLE("Journal of Management") AND  ( LIMIT-TO ( DOCTYPE ,  "ar" ) )
TITLE (“Strategic delegation: A review, theoretical integration, and research agenda") AND SRCTITLE("Journal of Management") AND  ( LIMIT-TO ( DOCTYPE ,  "ar" ) )
TITLE (“On the functional properties of perceived self-efficacy revisited") AND SRCTITLE("Journal of Management") AND  ( LIMIT-TO ( DOCTYPE ,  "ar" ) )
TITLE (“Erratum to Organizational Neuroscience:Taking Organizational Theory Inside the Neural Black Box (Journal of Management, 37, (933-961), 10.1177/0149206311398955)") AND SRCTITLE("Journal of Management") AND  ( LIMIT-TO ( DOCTYPE ,  "ar" ) )
TITLE (“Insights and new directions from demand-side approaches to technology innovation, entrepreneurship, and strategic management research") AND SRCTITLE("Journal of Management") AND  ( LIMIT-TO ( DOCTYPE ,  "ar" ) )
TITLE (“Organizational aspirations, reference points, and goals: Building on the past and aiming for the future") AND SRCTITLE("Journal of Management") AND  ( LIMIT-TO ( DOCTYPE ,  "ar" ) )
TITLE (“Employee job search: Toward an understanding of search context and search objectives") AND SRCTITLE("Journal of Management") AND  ( LIMIT-TO ( DOCTYPE ,  "ar" ) )
TITLE (“Core self-evaluations: A review and evaluation of the literature") AND SRCTITLE("Journal of Management") AND  ( LIMIT-TO ( DOCTYPE ,  "ar" ) )
TITLE (“Less pay and more sensitivity? institutional investor heterogeneity and ceo pay") AND SRCTITLE("Journal of Management") AND  ( LIMIT-TO ( DOCTYPE ,  "ar" ) )
TITLE (“Mixing individual incentives and group incentives: Best of both worlds or social dilemma?") AND SRCTITLE("Journal of Management") AND  ( LIMIT-TO ( DOCTYPE ,  "ar" ) )
TITLE (“Farewell and thank you!") AND SRCTITLE("Journal of Management") AND  ( LIMIT-TO ( DOCTYPE ,  "ar" ) )
TITLE (“The future of resource-based theory: Revitalization or decline?") AND SRCTITLE("Journal of Management") AND  ( LIMIT-TO ( DOCTYPE ,  "ar" ) )
TITLE (“Resource orchestration to create competitive advantage: Breadth, depth, and life cycle effects") AND SRCTITLE("Journal of Management") AND  ( LIMIT-TO ( DOCTYPE ,  "ar" ) )
TITLE (“A natural-resource-based view of the firm: Fifteen years after") AND SRCTITLE("Journal of Management") AND  ( LIMIT-TO ( DOCTYPE ,  "ar" ) )
TITLE (“Resource-based theory and corporate diversification: Accomplishments and opportunities") AND SRCTITLE("Journal of Management") AND  ( LIMIT-TO ( DOCTYPE ,  "ar" ) )
TITLE (“The four theories of profit and their joint effects") AND SRCTITLE("Journal of Management") AND  ( LIMIT-TO ( DOCTYPE ,  "ar" ) )
TITLE (“Management theory applications of prospect theory: Accomplishments, challenges, and opportunities") AND SRCTITLE("Journal of Management") AND  ( LIMIT-TO ( DOCTYPE ,  "ar" ) )
TITLE (“The business model: Recent developments and future research") AND SRCTITLE("Journal of Management") AND  ( LIMIT-TO ( DOCTYPE ,  "ar" ) )
TITLE (“Inclusion and diversity in work groups: A review and model for future research") AND SRCTITLE("Journal of Management") AND  ( LIMIT-TO ( DOCTYPE ,  "ar" ) )
TITLE (“"I have a job, but. . .": A review of underemployment") AND SRCTITLE("Journal of Management") AND  ( LIMIT-TO ( DOCTYPE ,  "ar" ) )
TITLE (“Latin america management research: Review, synthesis, and extension") AND SRCTITLE("Journal of Management") AND  ( LIMIT-TO ( DOCTYPE ,  "ar" ) )
TITLE (“What do resource- and capability-based theories propose?") AND SRCTITLE("Journal of Management") AND  ( LIMIT-TO ( DOCTYPE ,  "ar" ) )
TITLE (“Searching for outcomes of leadership: A 25-year review") AND SRCTITLE("Journal of Management") AND  ( LIMIT-TO ( DOCTYPE ,  "ar" ) )
TITLE (“Servant leadership: A review and synthesis") AND SRCTITLE("Journal of Management") AND  ( LIMIT-TO ( DOCTYPE ,  "ar" ) )
TITLE (“Clearing a path through the forest: A meta-review of interorganizational relationships") AND SRCTITLE("Journal of Management") AND  ( LIMIT-TO ( DOCTYPE ,  "ar" ) )
TITLE (“Bridging domains in workplace demography research: A review and reconceptualization") AND SRCTITLE("Journal of Management") AND  ( LIMIT-TO ( DOCTYPE ,  "ar" ) )
TITLE (“Reinforcing the micro/macro bridge: Organizational thinking and pluralistic vehicles") AND SRCTITLE("Journal of Management") AND  ( LIMIT-TO ( DOCTYPE ,  "ar" ) )
TITLE (“Multilevel entrepreneurship research: Opportunities for studying entrepreneurial decision making") AND SRCTITLE("Journal of Management") AND  ( LIMIT-TO ( DOCTYPE ,  "ar" ) )
TITLE (“Bridging micro and macro domains: Workforce differentiation and strategic human resource management") AND SRCTITLE("Journal of Management") AND  ( LIMIT-TO ( DOCTYPE ,  "ar" ) )
TITLE (“Integration of micro and macro studies in governance research: CEO duality, board composition, and financial performance") AND SRCTITLE("Journal of Management") AND  ( LIMIT-TO ( DOCTYPE ,  "ar" ) )
TITLE (“Walking new avenues in management research methods and theories: Bridging micro and macro domains") AND SRCTITLE("Journal of Management") AND  ( LIMIT-TO ( DOCTYPE ,  "ar" ) )
TITLE (“Erratum to The Cognitive Perspective in Strategy: An Integrative Review (Journal of Management, (2011), 37, (305-351), 10.1177/0149206310383986)") AND SRCTITLE("Journal of Management") AND  ( LIMIT-TO ( DOCTYPE ,  "ar" ) )
TITLE (“Self-leadership: A multilevel review") AND SRCTITLE("Journal of Management") AND  ( LIMIT-TO ( DOCTYPE ,  "ar" ) )
TITLE (“The cognitive perspective in strategy: An integrative review") AND SRCTITLE("Journal of Management") AND  ( LIMIT-TO ( DOCTYPE ,  "ar" ) )
TITLE (“The organizational socialization process: Review and development of a social capital model") AND SRCTITLE("Journal of Management") AND  ( LIMIT-TO ( DOCTYPE ,  "ar" ) )
TITLE (“Organizational reputation: A review") AND SRCTITLE("Journal of Management") AND  ( LIMIT-TO ( DOCTYPE ,  "ar" ) )
TITLE (“Signaling theory: A review and assessment") AND SRCTITLE("Journal of Management") AND  ( LIMIT-TO ( DOCTYPE ,  "ar" ) )
TITLE (“Who is a mentor? a review of evolving definitions and implications for research") AND SRCTITLE("Journal of Management") AND  ( LIMIT-TO ( DOCTYPE ,  "ar" ) )
TITLE (“Does the market respond to an endorsement of social responsibility? The role of institutions, information, and legitimacy") AND SRCTITLE("Journal of Management") AND  ( LIMIT-TO ( DOCTYPE ,  "ar" ) )
TITLE (“Too good to be true? Understanding change in organizational outcomes") AND SRCTITLE("Journal of Management") AND  ( LIMIT-TO ( DOCTYPE ,  "ar" ) )
TITLE (“Are you willing and able? Roles of motivation, power, and politics in career growth") AND SRCTITLE("Journal of Management") AND  ( LIMIT-TO ( DOCTYPE ,  "ar" ) )
TITLE (“Team boundary spanning: A multilevel review of past research and proposals for the future") AND SRCTITLE("Journal of Management") AND  ( LIMIT-TO ( DOCTYPE ,  "ar" ) )
TITLE (“Sex, gender, and decisions at the family ? work interface") AND SRCTITLE("Journal of Management") AND  ( LIMIT-TO ( DOCTYPE ,  "ar" ) )
TITLE (“A critical review of expatriate adjustment research through a multiple stakeholder view: Progress, emerging trends, and prospects") AND SRCTITLE("Journal of Management") AND  ( LIMIT-TO ( DOCTYPE ,  "ar" ) )
TITLE (“Metaphor no more: A 15-year review of the team mental model construct") AND SRCTITLE("Journal of Management") AND  ( LIMIT-TO ( DOCTYPE ,  "ar" ) )
TITLE (“Users as innovators: A review, critique, and future research directions") AND SRCTITLE("Journal of Management") AND  ( LIMIT-TO ( DOCTYPE ,  "ar" ) )
TITLE (“Transfer of training: A meta-analytic review") AND SRCTITLE("Journal of Management") AND  ( LIMIT-TO ( DOCTYPE ,  "ar" ) )
TITLE (“The past twenty years: Teams research is alive and well at the journal of management") AND SRCTITLE("Journal of Management") AND  ( LIMIT-TO ( DOCTYPE ,  "ar" ) )
TITLE (“When is foreignness an asset or a liability? explaining the performance differential between foreign and local firms") AND SRCTITLE("Journal of Management") AND  ( LIMIT-TO ( DOCTYPE ,  "ar" ) )
TITLE (“Looking back: Reputation research published in the journal of management") AND SRCTITLE("Journal of Management") AND  ( LIMIT-TO ( DOCTYPE ,  "ar" ) )
TITLE (“Erratum to An Organizational Impression Management Perspective on the Formation of Corporate Reputations (Journal of Management, (2009), 35 (1481-1493), 10.1177/0149206309348788)") AND SRCTITLE("Journal of Management") AND  ( LIMIT-TO ( DOCTYPE ,  "ar" ) )
TITLE (“Erratum to leadership in teams: A functional approach to understanding leadership structures and processes (Journal of Management, (2010), 36, (5-39), 10.1177/0149206309347376)") AND SRCTITLE("Journal of Management") AND  ( LIMIT-TO ( DOCTYPE ,  "ar" ) )
TITLE (“The relationship of personality to entrepreneurial intentions and performance: A meta-analytic review") AND SRCTITLE("Journal of Management") AND  ( LIMIT-TO ( DOCTYPE ,  "ar" ) )
TITLE (“Dynamic Capabilities: A review of past research and an agenda for the future") AND SRCTITLE("Journal of Management") AND  ( LIMIT-TO ( DOCTYPE ,  "ar" ) )
TITLE (“The Resource-based view: A review and assessment of its critiques") AND SRCTITLE("Journal of Management") AND  ( LIMIT-TO ( DOCTYPE ,  "ar" ) )
TITLE (“A Review and synthesis of situational strength in the organizational sciences") AND SRCTITLE("Journal of Management") AND  ( LIMIT-TO ( DOCTYPE ,  "ar" ) )
TITLE (“Causes and effects of employee downsizing: A review and synthesis") AND SRCTITLE("Journal of Management") AND  ( LIMIT-TO ( DOCTYPE ,  "ar" ) )
TITLE (“Employee retirement: A review and recommendations for future investigation") AND SRCTITLE("Journal of Management") AND  ( LIMIT-TO ( DOCTYPE ,  "ar" ) )
TITLE (“Anger in organizations: Review and integration") AND SRCTITLE("Journal of Management") AND  ( LIMIT-TO ( DOCTYPE ,  "ar" ) )
TITLE (“Alliance portfolios: A review and research Agenda") AND SRCTITLE("Journal of Management") AND  ( LIMIT-TO ( DOCTYPE ,  "ar" ) )
TITLE (“The whole is more than the sum of its parts- or is it? A review of the empirical literature on complementarities in organizations") AND SRCTITLE("Journal of Management") AND  ( LIMIT-TO ( DOCTYPE ,  "ar" ) )
TITLE (“Strategy in network industries: A review and research agenda") AND SRCTITLE("Journal of Management") AND  ( LIMIT-TO ( DOCTYPE ,  "ar" ) )
TITLE (“Advances in career theory and research: A critical review and agenda for future exploration") AND SRCTITLE("Journal of Management") AND  ( LIMIT-TO ( DOCTYPE ,  "ar" ) )
TITLE (“An affective events model of charismatic leadership behavior: A review, theoretical integration, and research agenda") AND SRCTITLE("Journal of Management") AND  ( LIMIT-TO ( DOCTYPE ,  "ar" ) )
TITLE (“Writing nonempirical articles for journal of management: General thoughts and suggestions") AND SRCTITLE("Journal of Management") AND  ( LIMIT-TO ( DOCTYPE ,  "ar" ) )
TITLE (“The art of writing a review article") AND SRCTITLE("Journal of Management") AND  ( LIMIT-TO ( DOCTYPE ,  "ar" ) )
TITLE (“Resource dependence theory: A review") AND SRCTITLE("Journal of Management") AND  ( LIMIT-TO ( DOCTYPE ,  "ar" ) )
TITLE (“The journal of management review issue: Celebrating 35 years") AND SRCTITLE("Journal of Management") AND  ( LIMIT-TO ( DOCTYPE ,  "ar" ) )
TITLE (“Call for proposals for journal of management 2012 review issue") AND SRCTITLE("Journal of Management") AND  ( LIMIT-TO ( DOCTYPE ,  "ar" ) )
TITLE (“Can test preparation help to reduce the black-white test performance gap?") AND SRCTITLE("Journal of Management") AND  ( LIMIT-TO ( DOCTYPE ,  "ar" ) )
TITLE (“Measuring organizational performance: Towards methodological best practice") AND SRCTITLE("Journal of Management") AND  ( LIMIT-TO ( DOCTYPE ,  "ar" ) )
TITLE (“The practice of theory borrowing in organizational studies: Current issues and future directions") AND SRCTITLE("Journal of Management") AND  ( LIMIT-TO ( DOCTYPE ,  "ar" ) )
TITLE (“Performance of international joint ventures: What factors really make a difference and how?") AND SRCTITLE("Journal of Management") AND  ( LIMIT-TO ( DOCTYPE ,  "ar" ) )
TITLE (“Assembling fragments into a lens: A review, critique, and proposed research agenda for the organizational work climate literature") AND SRCTITLE("Journal of Management") AND  ( LIMIT-TO ( DOCTYPE ,  "ar" ) )
TITLE (“The past and the future of international entrepreneurship: A review and suggestions for developing the field") AND SRCTITLE("Journal of Management") AND  ( LIMIT-TO ( DOCTYPE ,  "ar" ) )
TITLE (“Sexual harassment at work: A decade (Plus) of progress") AND SRCTITLE("Journal of Management") AND  ( LIMIT-TO ( DOCTYPE ,  "ar" ) )
TITLE (“Taking stock of what we know about mergers and acquisitions: A review and research agenda") AND SRCTITLE("Journal of Management") AND  ( LIMIT-TO ( DOCTYPE ,  "ar" ) )
TITLE (“Fairness at the group level: Justice climate and intraunit justice climate") AND SRCTITLE("Journal of Management") AND  ( LIMIT-TO ( DOCTYPE ,  "ar" ) )
TITLE (“Accessing and citing in-press Journal of Management articles: The role of online first and the Digital Object Identifier") AND SRCTITLE("Journal of Management") AND  ( LIMIT-TO ( DOCTYPE ,  "ar" ) )
TITLE (“Stakeholder theory: Reviewing a theory that moves us") AND SRCTITLE("Journal of Management") AND  ( LIMIT-TO ( DOCTYPE ,  "ar" ) )
TITLE (“A multi-level review of impression management motives and behaviors") AND SRCTITLE("Journal of Management") AND  ( LIMIT-TO ( DOCTYPE ,  "ar" ) )
TITLE (“The middle management perspective on strategy process: Contributions, synthesis, and future research") AND SRCTITLE("Journal of Management") AND  ( LIMIT-TO ( DOCTYPE ,  "ar" ) )
TITLE (“Erratum: Paternalistic leadership: A review and agenda for future research (Journal of Management (2008) vol. 34 (3) (566-593) 10.1177/014906308316063)") AND SRCTITLE("Journal of Management") AND  ( LIMIT-TO ( DOCTYPE ,  "ar" ) )
TITLE (“If you pay for skills, will they learn? Skill change and maintenance under a skill-based pay system") AND SRCTITLE("Journal of Management") AND  ( LIMIT-TO ( DOCTYPE ,  "ar" ) )
TITLE (“How do firms learn to make acquisitions? A review of past research and an agenda for the future") AND SRCTITLE("Journal of Management") AND  ( LIMIT-TO ( DOCTYPE ,  "ar" ) )
TITLE (“Location matters: Where we have been and where we might go in agglomeration research") AND SRCTITLE("Journal of Management") AND  ( LIMIT-TO ( DOCTYPE ,  "ar" ) )
TITLE (“Team effectiveness 1997-2007: A review of recent advancements and a glimpse into the future") AND SRCTITLE("Journal of Management") AND  ( LIMIT-TO ( DOCTYPE ,  "ar" ) )
TITLE (“Erratum: The effects of diversity faultlines and team task autonomy on decision quality and social integration (Journal of Management (2007) vol. 33(1) (111-132) 10.1177/0149206306295307)") AND SRCTITLE("Journal of Management") AND  ( LIMIT-TO ( DOCTYPE ,  "ar" ) )
TITLE (“Organizational ambidexterity: Antecedents, outcomes, and moderators") AND SRCTITLE("Journal of Management") AND  ( LIMIT-TO ( DOCTYPE ,  "ar" ) )
TITLE (“Identification in organizations: An examination of four fundamental questions") AND SRCTITLE("Journal of Management") AND  ( LIMIT-TO ( DOCTYPE ,  "ar" ) )
TITLE (“Paternalistic leadership: A review and agenda for future research") AND SRCTITLE("Journal of Management") AND  ( LIMIT-TO ( DOCTYPE ,  "ar" ) )
TITLE (“Does it really matter if you recognize who i am? The implications of identity comprehension for individuals in work teams") AND SRCTITLE("Journal of Management") AND  ( LIMIT-TO ( DOCTYPE ,  "ar" ) )
TITLE (“Character is not dead in management research: A review of individual character and organizational-level virtue") AND SRCTITLE("Journal of Management") AND  ( LIMIT-TO ( DOCTYPE ,  "ar" ) )
TITLE (“Executive compensation: A multidisciplinary review of recent developments") AND SRCTITLE("Journal of Management") AND  ( LIMIT-TO ( DOCTYPE ,  "ar" ) )
TITLE (“Advances in occupational health: From a stressful beginning to a positive future") AND SRCTITLE("Journal of Management") AND  ( LIMIT-TO ( DOCTYPE ,  "ar" ) )
TITLE (“The effects of team diversity on team outcomes: A meta-analytic review of team demography") AND SRCTITLE("Journal of Management") AND  ( LIMIT-TO ( DOCTYPE ,  "ar" ) )
TITLE (“A cross-disciplinary exploration of entrepreneurship research") AND SRCTITLE("Journal of Management") AND  ( LIMIT-TO ( DOCTYPE ,  "ar" ) )
TITLE (“A review of approaches to empirical research on the resource-based view of the firm") AND SRCTITLE("Journal of Management") AND  ( LIMIT-TO ( DOCTYPE ,  "ar" ) )
TITLE (“Taking a multifoci approach to the study of justice, social exchange, and citizenship behavior: The target similarity model") AND SRCTITLE("Journal of Management") AND  ( LIMIT-TO ( DOCTYPE ,  "ar" ) )
TITLE (“Research on organizations and the natural environment, 1992-present: A review") AND SRCTITLE("Journal of Management") AND  ( LIMIT-TO ( DOCTYPE ,  "ar" ) )
TITLE (“Abusive supervision in work organizations: Review, synthesis, and research agenda") AND SRCTITLE("Journal of Management") AND  ( LIMIT-TO ( DOCTYPE ,  "ar" ) )
TITLE (“Careers: Mobility, embeddedness, and success") AND SRCTITLE("Journal of Management") AND  ( LIMIT-TO ( DOCTYPE ,  "ar" ) )
TITLE (“Emerging positive organizational behavior") AND SRCTITLE("Journal of Management") AND  ( LIMIT-TO ( DOCTYPE ,  "ar" ) )
TITLE (“Interorganizational networks at the network nevel: A review of the empirical literature on whole networks") AND SRCTITLE("Journal of Management") AND  ( LIMIT-TO ( DOCTYPE ,  "ar" ) )
TITLE (“Boundaries of the firm: Insights from international entry mode research") AND SRCTITLE("Journal of Management") AND  ( LIMIT-TO ( DOCTYPE ,  "ar" ) )
TITLE (“Editorial Search Journal of Management 2009 through 2011") AND SRCTITLE("Journal of Management") AND  ( LIMIT-TO ( DOCTYPE ,  "ar" ) )
TITLE (“"Temporary worker, permanent loser?" A model of the stigmatization of temporary workers") AND SRCTITLE("Journal of Management") AND  ( LIMIT-TO ( DOCTYPE ,  "ar" ) )
TITLE (“Behavioral ethics in organizations: A review") AND SRCTITLE("Journal of Management") AND  ( LIMIT-TO ( DOCTYPE ,  "ar" ) )
TITLE (“New venture growth: A review and extension") AND SRCTITLE("Journal of Management") AND  ( LIMIT-TO ( DOCTYPE ,  "ar" ) )
TITLE (“What have we acquired and what should we acquire in divestiture research? A review and research agenda") AND SRCTITLE("Journal of Management") AND  ( LIMIT-TO ( DOCTYPE ,  "ar" ) )
TITLE (“Staffing in the 21st Century: New challenges and strategic opportunities") AND SRCTITLE("Journal of Management") AND  ( LIMIT-TO ( DOCTYPE ,  "ar" ) )
TITLE (“Strategic human resources management: Where do we go from here?") AND SRCTITLE("Journal of Management") AND  ( LIMIT-TO ( DOCTYPE ,  "ar" ) )
TITLE (“Employment discrimination in organizations: Antecedents and consequences") AND SRCTITLE("Journal of Management") AND  ( LIMIT-TO ( DOCTYPE ,  "ar" ) )
TITLE (“Strategy-process research: What have we learned and what is still to be explored") AND SRCTITLE("Journal of Management") AND  ( LIMIT-TO ( DOCTYPE ,  "ar" ) )
TITLE (“Who do firms imitate? A multilevel approach to examining sources of imitation in the choice of mergers and acquisitions") AND SRCTITLE("Journal of Management") AND  ( LIMIT-TO ( DOCTYPE ,  "ar" ) )
TITLE (“Do organizational socialization tactics influence newcomer embeddedness and turnover?") AND SRCTITLE("Journal of Management") AND  ( LIMIT-TO ( DOCTYPE ,  "ar" ) )
TITLE (“A meta-analytic review of relationships between team design features and team performance") AND SRCTITLE("Journal of Management") AND  ( LIMIT-TO ( DOCTYPE ,  "ar" ) )
TITLE (“"Bad behavior" in organizations: A review and typology for future research") AND SRCTITLE("Journal of Management") AND  ( LIMIT-TO ( DOCTYPE ,  "ar" ) )
TITLE (“The antecedents and consequences of top management fraud") AND SRCTITLE("Journal of Management") AND  ( LIMIT-TO ( DOCTYPE ,  "ar" ) )
TITLE (“Cross-sector partnerships to address social issues: Challenges to theory and practice") AND SRCTITLE("Journal of Management") AND  ( LIMIT-TO ( DOCTYPE ,  "ar" ) )
TITLE (“E-learning in organizations") AND SRCTITLE("Journal of Management") AND  ( LIMIT-TO ( DOCTYPE ,  "ar" ) )
TITLE (“Social exchange theory: An Interdisciplinary review") AND SRCTITLE("Journal of Management") AND  ( LIMIT-TO ( DOCTYPE ,  "ar" ) )
TITLE (“Executive coaching: A review and agenda for future research") AND SRCTITLE("Journal of Management") AND  ( LIMIT-TO ( DOCTYPE ,  "ar" ) )
TITLE (“Status and stratification processes in organizational life") AND SRCTITLE("Journal of Management") AND  ( LIMIT-TO ( DOCTYPE ,  "ar" ) )
TITLE (“How do entrepreneurs organize firms under conditions of uncertainty?") AND SRCTITLE("Journal of Management") AND  ( LIMIT-TO ( DOCTYPE ,  "ar" ) )
TITLE (“Conversing with editors: Strategies for authors and reviewers") AND SRCTITLE("Journal of Management") AND  ( LIMIT-TO ( DOCTYPE ,  "ar" ) )
TITLE (“Do organizational climate and competitive strategy moderate the relationship between human resource management and productivity?") AND SRCTITLE("Journal of Management") AND  ( LIMIT-TO ( DOCTYPE ,  "ar" ) )
TITLE (“Erratum: "Development and validation of the political skill inventory" (Journal of Management (126-152))") AND SRCTITLE("Journal of Management") AND  ( LIMIT-TO ( DOCTYPE ,  "ar" ) )
TITLE (“External sources of knowledge, governance mode, and R&amp;D performance") AND SRCTITLE("Journal of Management") AND  ( LIMIT-TO ( DOCTYPE ,  "ar" ) )
TITLE (“Writing and reviewing as sadomasochistic rituals") AND SRCTITLE("Journal of Management") AND  ( LIMIT-TO ( DOCTYPE ,  "ar" ) )
TITLE (“Politicians on the board of directors: Do connections affect the bottom line?") AND SRCTITLE("Journal of Management") AND  ( LIMIT-TO ( DOCTYPE ,  "ar" ) )
TITLE (“Structural versus individual perspectives on the dynamics of group perfomance: Theoretical exploration and empirical investigation") AND SRCTITLE("Journal of Management") AND  ( LIMIT-TO ( DOCTYPE ,  "ar" ) )
TITLE (“On editing in an international context") AND SRCTITLE("Journal of Management") AND  ( LIMIT-TO ( DOCTYPE ,  "ar" ) )
TITLE (“The competitive advantage of scholarly journals: A shared responsibility") AND SRCTITLE("Journal of Management") AND  ( LIMIT-TO ( DOCTYPE ,  "ar" ) )
TITLE (“2004 annual report") AND SRCTITLE("Journal of Management") AND  ( LIMIT-TO ( DOCTYPE ,  "ar" ) )
TITLE (“Virtual teams: What do we know and where do we go from here?") AND SRCTITLE("Journal of Management") AND  ( LIMIT-TO ( DOCTYPE ,  "ar" ) )
TITLE (“Burnout in organizational life") AND SRCTITLE("Journal of Management") AND  ( LIMIT-TO ( DOCTYPE ,  "ar" ) )
TITLE (“The effects of personal and contextual characteristics on creativity: Where should we go from here?") AND SRCTITLE("Journal of Management") AND  ( LIMIT-TO ( DOCTYPE ,  "ar" ) )
TITLE (“Emerging trends in contingent work research") AND SRCTITLE("Journal of Management") AND  ( LIMIT-TO ( DOCTYPE ,  "ar" ) )
TITLE (“The social context of performance appraisal: A review and framework for the future") AND SRCTITLE("Journal of Management") AND  ( LIMIT-TO ( DOCTYPE ,  "ar" ) )
TITLE (“Introduction to the 2004 Annual Review") AND SRCTITLE("Journal of Management") AND  ( LIMIT-TO ( DOCTYPE ,  "ar" ) )
TITLE (“Franchising: A review and avenues to greater theoretical diversity") AND SRCTITLE("Journal of Management") AND  ( LIMIT-TO ( DOCTYPE ,  "ar" ) )
TITLE (“Corporate political activity: A review and research agenda") AND SRCTITLE("Journal of Management") AND  ( LIMIT-TO ( DOCTYPE ,  "ar" ) )
TITLE (“Research on competitive dynamics: Recent accomplishments and future challenges") AND SRCTITLE("Journal of Management") AND  ( LIMIT-TO ( DOCTYPE ,  "ar" ) )
TITLE (“Upper echelons research revisited: Antecedents, elements, and consequences of top management team composition") AND SRCTITLE("Journal of Management") AND  ( LIMIT-TO ( DOCTYPE ,  "ar" ) )
TITLE (“What are we talking about when we talk about theory?") AND SRCTITLE("Journal of Management") AND  ( LIMIT-TO ( DOCTYPE ,  "ar" ) )
TITLE (“Self-esteem within the work and organizational context: A review of the organization-based self-esteem literature") AND SRCTITLE("Journal of Management") AND  ( LIMIT-TO ( DOCTYPE ,  "ar" ) )
TITLE (“Recruitment on the net: How do organizational web site characteristics influence applicant attraction?") AND SRCTITLE("Journal of Management") AND  ( LIMIT-TO ( DOCTYPE ,  "ar" ) )
TITLE (“Acknowledgement of Ad Hoc Reviewers") AND SRCTITLE("Journal of Management") AND  ( LIMIT-TO ( DOCTYPE ,  "ar" ) )
TITLE (“Can a previous alliance between an acquirer and a target affect acquisition performance?") AND SRCTITLE("Journal of Management") AND  ( LIMIT-TO ( DOCTYPE ,  "ar" ) )
TITLE (“Negotiating the revision process") AND SRCTITLE("Journal of Management") AND  ( LIMIT-TO ( DOCTYPE ,  "ar" ) )
TITLE (“To file or not to file? Systematic incentives, corporate control, and the bankruptcy decision") AND SRCTITLE("Journal of Management") AND  ( LIMIT-TO ( DOCTYPE ,  "ar" ) )
TITLE (“An examination of perceived organizational support as a multidimensional construct in the context of an expatriate assignment") AND SRCTITLE("Journal of Management") AND  ( LIMIT-TO ( DOCTYPE ,  "ar" ) )
TITLE (“Being a developmental reviewer: Easier said than done") AND SRCTITLE("Journal of Management") AND  ( LIMIT-TO ( DOCTYPE ,  "ar" ) )
TITLE (“Social loafing: A field investigation") AND SRCTITLE("Journal of Management") AND  ( LIMIT-TO ( DOCTYPE ,  "ar" ) )
TITLE (“How subgroup interests and reputations moderate the effect of organizational identification on cooperation") AND SRCTITLE("Journal of Management") AND  ( LIMIT-TO ( DOCTYPE ,  "ar" ) )
TITLE (“Dues paying: A theoretical explication and conceptual model") AND SRCTITLE("Journal of Management") AND  ( LIMIT-TO ( DOCTYPE ,  "ar" ) )
TITLE (“The devil is in the details: Converting good research into publishable articles") AND SRCTITLE("Journal of Management") AND  ( LIMIT-TO ( DOCTYPE ,  "ar" ) )
TITLE (“Complexity absorption and performance: A structural analysis of acute-care hospitals") AND SRCTITLE("Journal of Management") AND  ( LIMIT-TO ( DOCTYPE ,  "ar" ) )
TITLE (“Institutitonal forces and the written business plan") AND SRCTITLE("Journal of Management") AND  ( LIMIT-TO ( DOCTYPE ,  "ar" ) )
TITLE (“A resource-based view of strategic alliances and firm value in the electronic martketplace") AND SRCTITLE("Journal of Management") AND  ( LIMIT-TO ( DOCTYPE ,  "ar" ) )
TITLE (“Target reputation and appropriability: Picking and deploying resources in acquisitions") AND SRCTITLE("Journal of Management") AND  ( LIMIT-TO ( DOCTYPE ,  "ar" ) )
TITLE (“Reflections on the looking glass: A review of research on feedback-seeking behavior organizations") AND SRCTITLE("Journal of Management") AND  ( LIMIT-TO ( DOCTYPE ,  "ar" ) )
TITLE (“From the editor. Introduction to the 2003 Annual Review") AND SRCTITLE("Journal of Management") AND  ( LIMIT-TO ( DOCTYPE ,  "ar" ) )
TITLE (“The choice of organizational governance form and performance: Predictions from transaction cost, resource-based, and real options theories") AND SRCTITLE("Journal of Management") AND  ( LIMIT-TO ( DOCTYPE ,  "ar" ) )
TITLE (“Social issues and management: Our lost cause found") AND SRCTITLE("Journal of Management") AND  ( LIMIT-TO ( DOCTYPE ,  "ar" ) )
TITLE (“The structure of affect: Reconsidering the relationship between negative and positive affectivity") AND SRCTITLE("Journal of Management") AND  ( LIMIT-TO ( DOCTYPE ,  "ar" ) )
TITLE (“Recent advances in causal modeling methods for organizational management research") AND SRCTITLE("Journal of Management") AND  ( LIMIT-TO ( DOCTYPE ,  "ar" ) )
TITLE (“Recent research on team and organizational diversity: SWOT analysis and implications") AND SRCTITLE("Journal of Management") AND  ( LIMIT-TO ( DOCTYPE ,  "ar" ) )
TITLE (“The use of the multinational corporation as a research context") AND SRCTITLE("Journal of Management") AND  ( LIMIT-TO ( DOCTYPE ,  "ar" ) )
TITLE (“A model of strategic enterpreneurship: The construct and its dimensions") AND SRCTITLE("Journal of Management") AND  ( LIMIT-TO ( DOCTYPE ,  "ar" ) )
TITLE (“The application of referent cognitions theory to legal-claiming by terminated workers: The role of organizational justice and anger") AND SRCTITLE("Journal of Management") AND  ( LIMIT-TO ( DOCTYPE ,  "ar" ) )
TITLE (“Searching for the inverted U-shaped relationship between time and performance: Meta-analyses of the experience/performance, tenure/performance, and age/performance relationships") AND SRCTITLE("Journal of Management") AND  ( LIMIT-TO ( DOCTYPE ,  "ar" ) )
TITLE (“Joint impact of interdependence and group diversity on innovation") AND SRCTITLE("Journal of Management") AND  ( LIMIT-TO ( DOCTYPE ,  "ar" ) )
TITLE (“Does method matter? A meta-analysis of the effects of training method on older learner training performance") AND SRCTITLE("Journal of Management") AND  ( LIMIT-TO ( DOCTYPE ,  "ar" ) )
TITLE (“Acknowledgement of ad hoc reviewers") AND SRCTITLE("Journal of Management") AND  ( LIMIT-TO ( DOCTYPE ,  "ar" ) )
TITLE (“Are you hiding from your boss? The development of a taxonomy and instrument to assess the feedback management behaviors of good and bad performers") AND SRCTITLE("Journal of Management") AND  ( LIMIT-TO ( DOCTYPE ,  "ar" ) )
TITLE (“Complementary resources and the exploitation of technological innovations") AND SRCTITLE("Journal of Management") AND  ( LIMIT-TO ( DOCTYPE ,  "ar" ) )
TITLE (“Inter-firm networks and entrepreneurial behavior: A structural embeddedness perspective") AND SRCTITLE("Journal of Management") AND  ( LIMIT-TO ( DOCTYPE ,  "ar" ) )
TITLE (“The role of entrepreneurship in building cultural competitiveness in different organizational types") AND SRCTITLE("Journal of Management") AND  ( LIMIT-TO ( DOCTYPE ,  "ar" ) )
TITLE (“Entrepreneurship research in emergence: Past trends and future directions") AND SRCTITLE("Journal of Management") AND  ( LIMIT-TO ( DOCTYPE ,  "ar" ) )
TITLE (“Venture creation and the enterprising individual: A review and synthesis") AND SRCTITLE("Journal of Management") AND  ( LIMIT-TO ( DOCTYPE ,  "ar" ) )
TITLE (“Doctoral education in the field of entrepreneurship") AND SRCTITLE("Journal of Management") AND  ( LIMIT-TO ( DOCTYPE ,  "ar" ) )
TITLE (“Emerging issues in corporate entrepreneurship") AND SRCTITLE("Journal of Management") AND  ( LIMIT-TO ( DOCTYPE ,  "ar" ) )
TITLE (“Opportunities and entrepreneurship") AND SRCTITLE("Journal of Management") AND  ( LIMIT-TO ( DOCTYPE ,  "ar" ) )
TITLE (“Entrepreneurship: Past accomplishments and future challenges") AND SRCTITLE("Journal of Management") AND  ( LIMIT-TO ( DOCTYPE ,  "ar" ) )
TITLE (“Why do firms use franchising as an entrepreneurial strategy?: A meta-analysis") AND SRCTITLE("Journal of Management") AND  ( LIMIT-TO ( DOCTYPE ,  "ar" ) )
TITLE (“The construct-related validity of assessment center ratings: A review and meta-analysis of the role of methodological factors") AND SRCTITLE("Journal of Management") AND  ( LIMIT-TO ( DOCTYPE ,  "ar" ) )
TITLE (“More than one way to make an impression: Exploring profiles of impression management") AND SRCTITLE("Journal of Management") AND  ( LIMIT-TO ( DOCTYPE ,  "ar" ) )
TITLE (“Toward a dynamic process model of staffing composition and subsidiary outcomes in multinational enterprises") AND SRCTITLE("Journal of Management") AND  ( LIMIT-TO ( DOCTYPE ,  "ar" ) )
TITLE (“The impact of psychological contract fulfillment on the performance of in-role and organizational citizenship behaviors") AND SRCTITLE("Journal of Management") AND  ( LIMIT-TO ( DOCTYPE ,  "ar" ) )
TITLE (“When is a new submission "new"?") AND SRCTITLE("Journal of Management") AND  ( LIMIT-TO ( DOCTYPE ,  "ar" ) )
TITLE (“Socialization in virtual groups") AND SRCTITLE("Journal of Management") AND  ( LIMIT-TO ( DOCTYPE ,  "ar" ) )
TITLE (“The outsourcing of training and development: Factors impacting client satisfaction") AND SRCTITLE("Journal of Management") AND  ( LIMIT-TO ( DOCTYPE ,  "ar" ) )
TITLE (“The response strategies of dominant US firms to Japanese challengers") AND SRCTITLE("Journal of Management") AND  ( LIMIT-TO ( DOCTYPE ,  "ar" ) )
TITLE (“The network paradigm in organizational research: A review and typology") AND SRCTITLE("Journal of Management") AND  ( LIMIT-TO ( DOCTYPE ,  "ar" ) )
TITLE (“The staffing cycles framework: Viewing staffing as a system of decision events") AND SRCTITLE("Journal of Management") AND  ( LIMIT-TO ( DOCTYPE ,  "ar" ) )
TITLE (“Effect size estimation: Factors to consider and mistakes to avoid") AND SRCTITLE("Journal of Management") AND  ( LIMIT-TO ( DOCTYPE ,  "ar" ) )
TITLE (“The role of perceived organizational support and supportive human resource practices in the turnover process") AND SRCTITLE("Journal of Management") AND  ( LIMIT-TO ( DOCTYPE ,  "ar" ) )
TITLE (“Competencies and imitability in the pharmaceutical industry: An analysis of their relationship with firm performance") AND SRCTITLE("Journal of Management") AND  ( LIMIT-TO ( DOCTYPE ,  "ar" ) )
TITLE (“Effects of screener self-monitoring on the relationships among applicant positive self-presentation, objective credentials, and employability ratings") AND SRCTITLE("Journal of Management") AND  ( LIMIT-TO ( DOCTYPE ,  "ar" ) )
TITLE (“Sense and Sensibility: Balancing the Interests of Authors, Reviewers, and Editors") AND SRCTITLE("Journal of Management") AND  ( LIMIT-TO ( DOCTYPE ,  "ar" ) )
TITLE (“High performance work systems and intermediate indicators of firm performance within the US small business sector") AND SRCTITLE("Journal of Management") AND  ( LIMIT-TO ( DOCTYPE ,  "ar" ) )
TITLE (“Women and racial minorities in the boardroom: How do directors differ?") AND SRCTITLE("Journal of Management") AND  ( LIMIT-TO ( DOCTYPE ,  "ar" ) )
TITLE (“A model of organizational justice and workplace aggression") AND SRCTITLE("Journal of Management") AND  ( LIMIT-TO ( DOCTYPE ,  "ar" ) )
TITLE (“Parting thoughts") AND SRCTITLE("Journal of Management") AND  ( LIMIT-TO ( DOCTYPE ,  "ar" ) )
TITLE (“The interactive effects of extraversion and conscientiousness on performance") AND SRCTITLE("Journal of Management") AND  ( LIMIT-TO ( DOCTYPE ,  "ar" ) )
TITLE (“The influence of gender on the performance of organizational citizenship behaviors") AND SRCTITLE("Journal of Management") AND  ( LIMIT-TO ( DOCTYPE ,  "ar" ) )
TITLE (“Choice situation, refocusing, and post-bankruptcy performance") AND SRCTITLE("Journal of Management") AND  ( LIMIT-TO ( DOCTYPE ,  "ar" ) )
TITLE (“From management as a vocation to management as a scientific activity: An institutional account of a paradigm shift") AND SRCTITLE("Journal of Management") AND  ( LIMIT-TO ( DOCTYPE ,  "ar" ) )
TITLE (“Some candid thoughts on the publication process") AND SRCTITLE("Journal of Management") AND  ( LIMIT-TO ( DOCTYPE ,  "ar" ) )
TITLE (“Building trust in cross-cultural collaborations: Toward a contingency perspective") AND SRCTITLE("Journal of Management") AND  ( LIMIT-TO ( DOCTYPE ,  "ar" ) )
TITLE (“Explaining injustice: The interactive effect of explanation and outcome on fairness perceptions and task motivation") AND SRCTITLE("Journal of Management") AND  ( LIMIT-TO ( DOCTYPE ,  "ar" ) )
TITLE (“Organizational individualism and collectivism: Theoretical development and an empirical test of a measure") AND SRCTITLE("Journal of Management") AND  ( LIMIT-TO ( DOCTYPE ,  "ar" ) )
TITLE (“Examining the human resource architecture: The relationships among human capital, employment, and human resource configurations") AND SRCTITLE("Journal of Management") AND  ( LIMIT-TO ( DOCTYPE ,  "ar" ) )
TITLE (“Individualism, collectivism, and opportunism: A cultural perspective on transaction cost economics") AND SRCTITLE("Journal of Management") AND  ( LIMIT-TO ( DOCTYPE ,  "ar" ) )
TITLE (“The perceived glass ceiling and justice perceptions: An investigation of Hispanic law associates") AND SRCTITLE("Journal of Management") AND  ( LIMIT-TO ( DOCTYPE ,  "ar" ) )
TITLE (“The role of sampling in strategic management research on performance: A two-study analysis") AND SRCTITLE("Journal of Management") AND  ( LIMIT-TO ( DOCTYPE ,  "ar" ) )
TITLE (“Big things have small beginnings: An assortment of "Minor" methodological misunderstandings") AND SRCTITLE("Journal of Management") AND  ( LIMIT-TO ( DOCTYPE ,  "ar" ) )
TITLE (“Desegregating HRM: A review and synthesis of micro and macro human resource management research") AND SRCTITLE("Journal of Management") AND  ( LIMIT-TO ( DOCTYPE ,  "ar" ) )
TITLE (“Diversity and emotion: The new frontiers in organizational behavioral research") AND SRCTITLE("Journal of Management") AND  ( LIMIT-TO ( DOCTYPE ,  "ar" ) )
TITLE (“Back to the beginning: Comments from the special issue editor") AND SRCTITLE("Journal of Management") AND  ( LIMIT-TO ( DOCTYPE ,  "ar" ) )
TITLE (“Managing service organizations: Does having a "thing" make a difference?") AND SRCTITLE("Journal of Management") AND  ( LIMIT-TO ( DOCTYPE ,  "ar" ) )
TITLE (“Alliance management as a source of competitive advantage") AND SRCTITLE("Journal of Management") AND  ( LIMIT-TO ( DOCTYPE ,  "ar" ) )
TITLE (“Does decentralization make a difference for the organization? An examination of the boundary conditions circumbscribing decentralized decision-making and organizational financial performance") AND SRCTITLE("Journal of Management") AND  ( LIMIT-TO ( DOCTYPE ,  "ar" ) )
TITLE (“Organization task environments: Have they changed fundamentally over time?") AND SRCTITLE("Journal of Management") AND  ( LIMIT-TO ( DOCTYPE ,  "ar" ) )
TITLE (“Gender and managerial stereotypes: Have the times changed?") AND SRCTITLE("Journal of Management") AND  ( LIMIT-TO ( DOCTYPE ,  "ar" ) )
TITLE (“Enhancing survey response rates at the executive level: Are employee- or consumer-level techniques effective?") AND SRCTITLE("Journal of Management") AND  ( LIMIT-TO ( DOCTYPE ,  "ar" ) )
TITLE (“Governance and strategic leadership in entrepreneurial firms") AND SRCTITLE("Journal of Management") AND  ( LIMIT-TO ( DOCTYPE ,  "ar" ) )
TITLE (“Recent Developments in International Management Research: A Review of 20 Top Management Journals") AND SRCTITLE("Journal of Management") AND  ( LIMIT-TO ( DOCTYPE ,  "ar" ) )
TITLE (“Formal organizational initiatives and informal workplace practices: Links to work-family conflict and job-related outcomes") AND SRCTITLE("Journal of Management") AND  ( LIMIT-TO ( DOCTYPE ,  "ar" ) )
TITLE (“Do "high commitment" human resource practices affect employee commitment?: A cross-level analysis using hierarchical linear modeling") AND SRCTITLE("Journal of Management") AND  ( LIMIT-TO ( DOCTYPE ,  "ar" ) )
TITLE (“Erratum to “Career-relevant learning and development, worker age, and beliefs about self-efficacy for development” (Journal of Management (2001) 27(2) (123–140) (10.1177/014920630102700201))") AND SRCTITLE("Journal of Management") AND  ( LIMIT-TO ( DOCTYPE ,  "ar" ) )
TITLE (“From the Special Issue Editor Managing in the information age") AND SRCTITLE("Journal of Management") AND  ( LIMIT-TO ( DOCTYPE ,  "ar" ) )
TITLE (“Bound by the past? Experience-based effects on commitment to the strategic status quo") AND SRCTITLE("Journal of Management") AND  ( LIMIT-TO ( DOCTYPE ,  "ar" ) )
TITLE (“Erratum to “Antitakeover provisions and shareholder value implications: A review and a contingency framework” (Journal of Management (2000) 26(5) (1005–1030) (10.1177/014920630002600501))") AND SRCTITLE("Journal of Management") AND  ( LIMIT-TO ( DOCTYPE ,  "ar" ) )
TITLE (“What did you expect? An examination of career-related support and social support among mentors and protégés") AND SRCTITLE("Journal of Management") AND  ( LIMIT-TO ( DOCTYPE ,  "ar" ) )
TITLE (“Work-family conflict in the organization: Do life role values make a difference?") AND SRCTITLE("Journal of Management") AND  ( LIMIT-TO ( DOCTYPE ,  "ar" ) )
TITLE (“Does cultural socialization predict multiple bases and foci of commitment?") AND SRCTITLE("Journal of Management") AND  ( LIMIT-TO ( DOCTYPE ,  "ar" ) )
TITLE (“How much does performance matter? A meta-analysis of CEO pay studies") AND SRCTITLE("Journal of Management") AND  ( LIMIT-TO ( DOCTYPE ,  "ar" ) )
TITLE (“Comments From the Editor: 1999 Yearly Review: A Retrospective Issue Celebrating the 25th Anniversary of the Journal of Management") AND SRCTITLE("Journal of Management") AND  ( LIMIT-TO ( DOCTYPE ,  "ar" ) )
TITLE (“From the Outgoing Editor: “Our Board Members Have Completed Their Review of Your Manuscript…….”") AND SRCTITLE("Journal of Management") AND  ( LIMIT-TO ( DOCTYPE ,  "ar" ) )
TITLE (“The embeddedness of organizations: Dialogue &amp; directions") AND SRCTITLE("Journal of Management") AND  ( LIMIT-TO ( DOCTYPE ,  "ar" ) )
TITLE (“Why are styles of upward influence neglected? Making the case for a configurational approach to influences") AND SRCTITLE("Journal of Management") AND  ( LIMIT-TO ( DOCTYPE ,  "ar" ) )
TITLE (“Firing and hiring of managers: Does efficiency matter?") AND SRCTITLE("Journal of Management") AND  ( LIMIT-TO ( DOCTYPE ,  "ar" ) )
TITLE (“Time for absenteeism: A 20-year review of origins, offshoots, and outcomes") AND SRCTITLE("Journal of Management") AND  ( LIMIT-TO ( DOCTYPE ,  "ar" ) )
TITLE (“Influences of trait negative affect and situational similarity on correlation and convergence of work attitudes and job stress perceptions across two jobs") AND SRCTITLE("Journal of Management") AND  ( LIMIT-TO ( DOCTYPE ,  "ar" ) )
TITLE (“Dysfunctional mentoring relationships and outcomes") AND SRCTITLE("Journal of Management") AND  ( LIMIT-TO ( DOCTYPE ,  "ar" ) )
TITLE (“Employee perceptions of the fairness of work group incentive pay plans") AND SRCTITLE("Journal of Management") AND  ( LIMIT-TO ( DOCTYPE ,  "ar" ) )
TITLE (“Individual values in organizations: Concepts, controversies, and research") AND SRCTITLE("Journal of Management") AND  ( LIMIT-TO ( DOCTYPE ,  "ar" ) )
TITLE (“Taking stock in our progress on individualism-collectivism: 100 years of solidarity and community") AND SRCTITLE("Journal of Management") AND  ( LIMIT-TO ( DOCTYPE ,  "ar" ) )
TITLE (“Product market heterogeneity, resource imitability and strategic group formation") AND SRCTITLE("Journal of Management") AND  ( LIMIT-TO ( DOCTYPE ,  "ar" ) )
TITLE (“Response rates in HRM/OB survey research: Norms and correlates, 1990-1994") AND SRCTITLE("Journal of Management") AND  ( LIMIT-TO ( DOCTYPE ,  "ar" ) )
TITLE (“Something to talk about: Romantic relationships in organizational settings") AND SRCTITLE("Journal of Management") AND  ( LIMIT-TO ( DOCTYPE ,  "ar" ) )
TITLE (“COMMENTS: From the Editor: 1998 Yearly Review: A Focus on Deviance and Individual Differences") AND SRCTITLE("Journal of Management") AND  ( LIMIT-TO ( DOCTYPE ,  "ar" ) )
TITLE (“Temporal pacing in task forces: Group development or deadline pressure?") AND SRCTITLE("Journal of Management") AND  ( LIMIT-TO ( DOCTYPE ,  "ar" ) )
TITLE (“Who is publishing the entrepreneurship research?") AND SRCTITLE("Journal of Management") AND  ( LIMIT-TO ( DOCTYPE ,  "ar" ) )
TITLE (“Another ceiling? Can males compete for traditionally female jobs?") AND SRCTITLE("Journal of Management") AND  ( LIMIT-TO ( DOCTYPE ,  "ar" ) )
TITLE (“1997 Yearly Review: A Focus on Leadership") AND SRCTITLE("Journal of Management") AND  ( LIMIT-TO ( DOCTYPE ,  "ar" ) )
TITLE (“Special Issue: Focus on Hierarchical Linear Modeling") AND SRCTITLE("Journal of Management") AND  ( LIMIT-TO ( DOCTYPE ,  "ar" ) )
TITLE (“The social scientific study of leadership: Quo vadis?") AND SRCTITLE("Journal of Management") AND  ( LIMIT-TO ( DOCTYPE ,  "ar" ) )
TITLE (“Whistle-blowing: Myth and reality") AND SRCTITLE("Journal of Management") AND  ( LIMIT-TO ( DOCTYPE ,  "ar" ) )
TITLE (“A preliminary typology of organizational learning: Synthesizing the literature") AND SRCTITLE("Journal of Management") AND  ( LIMIT-TO ( DOCTYPE ,  "ar" ) )
TITLE (“Antecedents and outcomes of corporate refocusing") AND SRCTITLE("Journal of Management") AND  ( LIMIT-TO ( DOCTYPE ,  "ar" ) )
TITLE (“Boards of directors: A review and research agenda") AND SRCTITLE("Journal of Management") AND  ( LIMIT-TO ( DOCTYPE ,  "ar" ) )
TITLE (“Grievance procedure research: A review and theoretical recommendations") AND SRCTITLE("Journal of Management") AND  ( LIMIT-TO ( DOCTYPE ,  "ar" ) )
TITLE (“The nature, antecedents and consequences of underemployment") AND SRCTITLE("Journal of Management") AND  ( LIMIT-TO ( DOCTYPE ,  "ar" ) )
TITLE (“Passing Through: Observations on Research and Reviewing") AND SRCTITLE("Journal of Management") AND  ( LIMIT-TO ( DOCTYPE ,  "ar" ) )
TITLE (“Comments from the Consulting Editor") AND SRCTITLE("Journal of Management") AND  ( LIMIT-TO ( DOCTYPE ,  "ar" ) )
TITLE (“Starting Out and Setting Up") AND SRCTITLE("Journal of Management") AND  ( LIMIT-TO ( DOCTYPE ,  "ar" ) )
TITLE (“Is the Past Prologue?: A Test of Ghiselli’s Hobo Syndrome") AND SRCTITLE("Journal of Management") AND  ( LIMIT-TO ( DOCTYPE ,  "ar" ) )
TITLE (“Why Meta-Analysis Doesn’t Tell Us What the Data Really Mean: Distinguishing between Moderator Effects and Moderator Processes") AND SRCTITLE("Journal of Management") AND  ( LIMIT-TO ( DOCTYPE ,  "ar" ) )
TITLE (“When We Don’t See Eye to Eye: Discrepancies between Supervisors and Subordinates in Absence Disciplinary Decisions") AND SRCTITLE("Journal of Management") AND  ( LIMIT-TO ( DOCTYPE ,  "ar" ) )
TITLE (“The Theory/Applications Balance in Management Pedagogy: Where Do We Stand?") AND SRCTITLE("Journal of Management") AND  ( LIMIT-TO ( DOCTYPE ,  "ar" ) )
TITLE (“Team Mental Model: Construct or Metaphor?") AND SRCTITLE("Journal of Management") AND  ( LIMIT-TO ( DOCTYPE ,  "ar" ) )
TITLE (“Executive Succession: Past, Present &amp; Future") AND SRCTITLE("Journal of Management") AND  ( LIMIT-TO ( DOCTYPE ,  "ar" ) )
TITLE (“Relationship between Job and Family Satisfaction: Causal or Noncausal Covariation?") AND SRCTITLE("Journal of Management") AND  ( LIMIT-TO ( DOCTYPE ,  "ar" ) )
TITLE (“A Central Question in Cross-Cultural Research: Do Employees of Different Cultures Interpret Work-related Measures in an Equivalent Manner?") AND SRCTITLE("Journal of Management") AND  ( LIMIT-TO ( DOCTYPE ,  "ar" ) )
TITLE (“Computerized Content Analysis in Management Research: A Demonstration of Advantages &amp; Limitations") AND SRCTITLE("Journal of Management") AND  ( LIMIT-TO ( DOCTYPE ,  "ar" ) )
TITLE (“Group, Sub-Group, and Nominal Group Idea Generation: New Rules for a New Media?") AND SRCTITLE("Journal of Management") AND  ( LIMIT-TO ( DOCTYPE ,  "ar" ) )
TITLE (“Forming, Adapting, and Terminating the Employment Relationship: A Review of the Literature from Individual, Organizational, &amp; Interactionist Perspectives") AND SRCTITLE("Journal of Management") AND  ( LIMIT-TO ( DOCTYPE ,  "ar" ) )
TITLE (“Research Methods &amp; Analysis") AND SRCTITLE("Journal of Management") AND  ( LIMIT-TO ( DOCTYPE ,  "ar" ) )
TITLE (“The Multidivisional Structure: Organizational Fossil or Source of Value?") AND SRCTITLE("Journal of Management") AND  ( LIMIT-TO ( DOCTYPE ,  "ar" ) )
TITLE (“Welcoming a new section: Research methods and analysis") AND SRCTITLE("Journal of Management") AND  ( LIMIT-TO ( DOCTYPE ,  "ar" ) )
TITLE (“Organizational Stress, Job Satisfaction and Job Performance: Where Do We Go From Here?") AND SRCTITLE("Journal of Management") AND  ( LIMIT-TO ( DOCTYPE ,  "ar" ) )
TITLE (“A Historical Comparison of Resource-Based Theory and Five Schools of Thought Within Industrial Organization Economics: Do We Have a New Theory of the Firm?") AND SRCTITLE("Journal of Management") AND  ( LIMIT-TO ( DOCTYPE ,  "ar" ) )
TITLE (“Three Modern Classics: A Very Special Book Review Section") AND SRCTITLE("Journal of Management") AND  ( LIMIT-TO ( DOCTYPE ,  "ar" ) )
TITLE (“Multiple Outcomes from Product R&amp;D: Profitability Under Different Strategic Orientations") AND SRCTITLE("Journal of Management") AND  ( LIMIT-TO ( DOCTYPE ,  "ar" ) )
TITLE (“Organizational Behavior: Whom Do We Talk to and Who Talks to Us?") AND SRCTITLE("Journal of Management") AND  ( LIMIT-TO ( DOCTYPE ,  "ar" ) )
TITLE (“How Can OD Consultants and Researchers Assess Gamma Change? A Comparison of Two Analytical Procedures") AND SRCTITLE("Journal of Management") AND  ( LIMIT-TO ( DOCTYPE ,  "ar" ) )
TITLE (“Herman Hollerith: Inventor, Manager, Entrepreneur—A Centennial Remembrance") AND SRCTITLE("Journal of Management") AND  ( LIMIT-TO ( DOCTYPE ,  "ar" ) )
TITLE (“Is Strategic Management Ideological?") AND SRCTITLE("Journal of Management") AND  ( LIMIT-TO ( DOCTYPE ,  "ar" ) )
TITLE (“An Empirical Critique of In Search of Excellence: How Excellent are the Excellent Companies?") AND SRCTITLE("Journal of Management") AND  ( LIMIT-TO ( DOCTYPE ,  "ar" ) )
TITLE (“Conventional Wisdom and Ratings of Job Characteristics: Can Observers be Objective?") AND SRCTITLE("Journal of Management") AND  ( LIMIT-TO ( DOCTYPE ,  "ar" ) )
TITLE (“The Effects of Participative Versus Assigned Goal Setting on Intrinsic Motivation") AND SRCTITLE("Journal of Management") AND  ( LIMIT-TO ( DOCTYPE ,  "ar" ) )
TITLE (“Editorial policy &amp; instructions to authors: (Revised May, 1983)") AND SRCTITLE("Journal of Management") AND  ( LIMIT-TO ( DOCTYPE ,  "ar" ) )
TITLE (“Perceived Environmental Uncertainty: An Individual or Environmental Attribute?") AND SRCTITLE("Journal of Management") AND  ( LIMIT-TO ( DOCTYPE ,  "ar" ) )
TITLE (“The Managerial Experience of Management Professors: Are The Blind Leading the Blind?") AND SRCTITLE("Journal of Management") AND  ( LIMIT-TO ( DOCTYPE ,  "ar" ) )
TITLE (“Letter To The Editor: Are Tle Blind Leading The Blind?") AND SRCTITLE("Journal of Management") AND  ( LIMIT-TO ( DOCTYPE ,  "ar" ) )
TITLE (“Is The Contingency Theory Of Organization A Technology-Bound Conceptualization?") AND SRCTITLE("Journal of Management") AND  ( LIMIT-TO ( DOCTYPE ,  "ar" ) )
TITLE (“A Comparison of Four Studies Using A Conditional Model for the Determination of Worker Needs") AND SRCTITLE("Journal of Management") AND  ( LIMIT-TO ( DOCTYPE ,  "ar" ) )
TITLE (“The Need for a Supportive Climate for MBO Success - a Myth?") AND SRCTITLE("Journal of Management") AND  ( LIMIT-TO ( DOCTYPE ,  "ar" ) )
TITLE (“Human Resource Accounting: Why The Delay?") AND SRCTITLE("Journal of Management") AND  ( LIMIT-TO ( DOCTYPE ,  "ar" ) )
TITLE (“Is There Anything “New” in Management?") AND SRCTITLE("Journal of Management") AND  ( LIMIT-TO ( DOCTYPE ,  "ar" ) )
