TITLE (“Women's Managerial Aspirations: An Organizational Development Perspective") AND SRCTITLE("Journal of Management") AND  ( LIMIT-TO ( DOCTYPE ,  "ar" ) )
TITLE (“The Impact of Media Information on Issue Salience Following Other Organizations' Failures") AND SRCTITLE("Journal of Management") AND  ( LIMIT-TO ( DOCTYPE ,  "ar" ) )
TITLE (“Public Knowledge, Private Gain: The Effect of Spillover Networks on Firms' Innovative Performance") AND SRCTITLE("Journal of Management") AND  ( LIMIT-TO ( DOCTYPE ,  "ar" ) )
TITLE (“How Does Supervisory Family Support Influence Employees' Attitudes and Behaviors? A Social Exchange Perspective") AND SRCTITLE("Journal of Management") AND  ( LIMIT-TO ( DOCTYPE ,  "ar" ) )
TITLE (“Serving the Self From the Seat of Power: Goals and Threats Predict Leaders' Self-Interested Behavior") AND SRCTITLE("Journal of Management") AND  ( LIMIT-TO ( DOCTYPE ,  "ar" ) )
TITLE (“Demand-Side Research's Role in Macro-Management: A Commentary on Priem, Li, and Carr") AND SRCTITLE("Journal of Management") AND  ( LIMIT-TO ( DOCTYPE ,  "ar" ) )
TITLE (“Managerial Mystique: Magical Thinking in Judgments of Managers' Vision, Charisma, and Magnetism") AND SRCTITLE("Journal of Management") AND  ( LIMIT-TO ( DOCTYPE ,  "ar" ) )
TITLE (“Let's Make a Deal: Development and Validation of the Ex Post I-Deals Scale") AND SRCTITLE("Journal of Management") AND  ( LIMIT-TO ( DOCTYPE ,  "ar" ) )
TITLE (“The Impact of High-Performance Human Resource Practices on Employees' Attitudes and Behaviors") AND SRCTITLE("Journal of Management") AND  ( LIMIT-TO ( DOCTYPE ,  "ar" ) )
TITLE (“Resource Search, Interpersonal Similarity, and Network Tie Valuation in Nascent Entrepreneurs' Emerging Networks") AND SRCTITLE("Journal of Management") AND  ( LIMIT-TO ( DOCTYPE ,  "ar" ) )
TITLE (“Driven to Work and Enjoyment of Work: Effects on Managers' Outcomes") AND SRCTITLE("Journal of Management") AND  ( LIMIT-TO ( DOCTYPE ,  "ar" ) )
TITLE (“Explaining the Pathways Between Approach-Avoidance Personality Traits and Employees' Job Search Behavior") AND SRCTITLE("Journal of Management") AND  ( LIMIT-TO ( DOCTYPE ,  "ar" ) )
TITLE (“What We Know and Don't Know About Corporate Social Responsibility: A Review and Research Agenda") AND SRCTITLE("Journal of Management") AND  ( LIMIT-TO ( DOCTYPE ,  "ar" ) )
TITLE (“Effect of a coach's regulatory focus and an individual's implicit person theory on individual performance") AND SRCTITLE("Journal of Management") AND  ( LIMIT-TO ( DOCTYPE ,  "ar" ) )
TITLE (“Performance appraisal procedural justice: The role of a manager's implicit person theory") AND SRCTITLE("Journal of Management") AND  ( LIMIT-TO ( DOCTYPE ,  "ar" ) )
TITLE (“Middle managers' strategic role in the corporate entrepreneurial process: Attention-based effects") AND SRCTITLE("Journal of Management") AND  ( LIMIT-TO ( DOCTYPE ,  "ar" ) )
TITLE (“The use of resources in resource acquisition") AND SRCTITLE("Journal of Management") AND  ( LIMIT-TO ( DOCTYPE ,  "ar" ) )
TITLE (“Looking inside: Psychological influences on structuring a firm's portfolio of resources") AND SRCTITLE("Journal of Management") AND  ( LIMIT-TO ( DOCTYPE ,  "ar" ) )
TITLE (“Increasing interpersonal and informational justice when communicating negative news: The role of the manager's empathic concern and moral development") AND SRCTITLE("Journal of Management") AND  ( LIMIT-TO ( DOCTYPE ,  "ar" ) )
TITLE (“Entrepreneurs' social skills and new venture performance: Mediating mechanisms and cultural generality") AND SRCTITLE("Journal of Management") AND  ( LIMIT-TO ( DOCTYPE ,  "ar" ) )
TITLE (“Multiple tasks' and multiple goals' effect on creativity: Forced incubation or just a distraction?") AND SRCTITLE("Journal of Management") AND  ( LIMIT-TO ( DOCTYPE ,  "ar" ) )
TITLE (“Us and me: Team identification and individual differentiation as complementary drivers of team members' citizenship and creative behaviors") AND SRCTITLE("Journal of Management") AND  ( LIMIT-TO ( DOCTYPE ,  "ar" ) )
TITLE (“Ain't Misbehavin: Workplace deviance as organizational resistance") AND SRCTITLE("Journal of Management") AND  ( LIMIT-TO ( DOCTYPE ,  "ar" ) )
TITLE (“Timeframes and absence frameworks: A test of steers and Rhodes' (1978) model of attendance") AND SRCTITLE("Journal of Management") AND  ( LIMIT-TO ( DOCTYPE ,  "ar" ) )
TITLE (“Influence of Founder—CEOs' Personal Values on Firm Performance: Moderating Effects of Firm Age and Size†") AND SRCTITLE("Journal of Management") AND  ( LIMIT-TO ( DOCTYPE ,  "ar" ) )
TITLE (“Decision making in acquisitions: The effect of outside directors' compensation on acquisition patterns") AND SRCTITLE("Journal of Management") AND  ( LIMIT-TO ( DOCTYPE ,  "ar" ) )
TITLE (“The Journal of Management's first 30 years") AND SRCTITLE("Journal of Management") AND  ( LIMIT-TO ( DOCTYPE ,  "ar" ) )
TITLE (“Subordinates' resistance and managers' evaluations of subordinates' performance") AND SRCTITLE("Journal of Management") AND  ( LIMIT-TO ( DOCTYPE ,  "ar" ) )
TITLE (“The impact of board composition on firms' critical decisions: A meta-analytic review") AND SRCTITLE("Journal of Management") AND  ( LIMIT-TO ( DOCTYPE ,  "ar" ) )
TITLE (“The applicability of Porter's generic strategies in the digital age: Assumptions, conjectures, and suggestions") AND SRCTITLE("Journal of Management") AND  ( LIMIT-TO ( DOCTYPE ,  "ar" ) )
TITLE (“A little creativity goes a long way: An examination of teams' engagement in creative processes") AND SRCTITLE("Journal of Management") AND  ( LIMIT-TO ( DOCTYPE ,  "ar" ) )
TITLE (“Entrepreneurs' decisions to exploit opportunities") AND SRCTITLE("Journal of Management") AND  ( LIMIT-TO ( DOCTYPE ,  "ar" ) )
TITLE (“The effects of cost and asset retrenchment on firm performance: The overlooked role of a firm's competitive environment") AND SRCTITLE("Journal of Management") AND  ( LIMIT-TO ( DOCTYPE ,  "ar" ) )
TITLE (“When conscientiousness isn't enough: Emotional exhaustion and performance among call center customer service representatives") AND SRCTITLE("Journal of Management") AND  ( LIMIT-TO ( DOCTYPE ,  "ar" ) )
TITLE (“From the Editor") AND SRCTITLE("Journal of Management") AND  ( LIMIT-TO ( DOCTYPE ,  "ar" ) )
TITLE (“Executives' perceptions of uncertainty sources: A numerical taxonomy and underlying dimensions") AND SRCTITLE("Journal of Management") AND  ( LIMIT-TO ( DOCTYPE ,  "ar" ) )
TITLE (“From the editor") AND SRCTITLE("Journal of Management") AND  ( LIMIT-TO ( DOCTYPE ,  "ar" ) )
TITLE (“Using stories to create change: The object lesson of Frederick Taylor's "pig-tale"") AND SRCTITLE("Journal of Management") AND  ( LIMIT-TO ( DOCTYPE ,  "ar" ) )
TITLE (“Strategic fit in transitional economies: The case of China's electronics industry") AND SRCTITLE("Journal of Management") AND  ( LIMIT-TO ( DOCTYPE ,  "ar" ) )
TITLE (“Changing the focus on volunteering: An investigation of volunteers' multiple contributions to a charitable organization") AND SRCTITLE("Journal of Management") AND  ( LIMIT-TO ( DOCTYPE ,  "ar" ) )
TITLE (“From the Editor") AND SRCTITLE("Journal of Management") AND  ( LIMIT-TO ( DOCTYPE ,  "ar" ) )
TITLE (“From the Editor") AND SRCTITLE("Journal of Management") AND  ( LIMIT-TO ( DOCTYPE ,  "ar" ) )
TITLE (“From the Editor") AND SRCTITLE("Journal of Management") AND  ( LIMIT-TO ( DOCTYPE ,  "ar" ) )
TITLE (“Team members' affective responses to patterns of intragroup interdependence and job complexity") AND SRCTITLE("Journal of Management") AND  ( LIMIT-TO ( DOCTYPE ,  "ar" ) )
TITLE (“From the Editor") AND SRCTITLE("Journal of Management") AND  ( LIMIT-TO ( DOCTYPE ,  "ar" ) )
TITLE (“From the Editor") AND SRCTITLE("Journal of Management") AND  ( LIMIT-TO ( DOCTYPE ,  "ar" ) )
TITLE (“From the Editor") AND SRCTITLE("Journal of Management") AND  ( LIMIT-TO ( DOCTYPE ,  "ar" ) )
TITLE (“Applicants' perceptions of selection procedures and decisions: A critical review and agenda for the future") AND SRCTITLE("Journal of Management") AND  ( LIMIT-TO ( DOCTYPE ,  "ar" ) )
TITLE (“From the Editor") AND SRCTITLE("Journal of Management") AND  ( LIMIT-TO ( DOCTYPE ,  "ar" ) )
TITLE (“Top management turnover in related M&amp;A's: An additional test of the theory of relative standing") AND SRCTITLE("Journal of Management") AND  ( LIMIT-TO ( DOCTYPE ,  "ar" ) )
TITLE (“Observers' reactions to social-sexual behavior at work: An ethical decision making perspective") AND SRCTITLE("Journal of Management") AND  ( LIMIT-TO ( DOCTYPE ,  "ar" ) )
TITLE (“Comments: From the Editor") AND SRCTITLE("Journal of Management") AND  ( LIMIT-TO ( DOCTYPE ,  "ar" ) )
TITLE (“The influence of eligibility on employees' reactions to voluntary workforce reductions") AND SRCTITLE("Journal of Management") AND  ( LIMIT-TO ( DOCTYPE ,  "ar" ) )
TITLE (“Managerial intelligence: Why IQ isn't enough") AND SRCTITLE("Journal of Management") AND  ( LIMIT-TO ( DOCTYPE ,  "ar" ) )
TITLE (“When two factors don't reflect two constructs: How item characteristics can produce artifactual factors") AND SRCTITLE("Journal of Management") AND  ( LIMIT-TO ( DOCTYPE ,  "ar" ) )
TITLE (“The Small Sample Performance of Four Tests of the Difference Between Pairs of Meta-Analytically Derived Effect Sizes") AND SRCTITLE("Journal of Management") AND  ( LIMIT-TO ( DOCTYPE ,  "ar" ) )
TITLE (“Meta-Analytic Procedures for Estimation of Effect Sizes in Experiments Using Complex Analysis of Variance") AND SRCTITLE("Journal of Management") AND  ( LIMIT-TO ( DOCTYPE ,  "ar" ) )
TITLE (“Erratum") AND SRCTITLE("Journal of Management") AND  ( LIMIT-TO ( DOCTYPE ,  "ar" ) )
TITLE (“Erratum") AND SRCTITLE("Journal of Management") AND  ( LIMIT-TO ( DOCTYPE ,  "ar" ) )
TITLE (“Type II Error Problems in the Use of Moderated Multiple Regression for the Detection of Moderating Effects of Dichotomous Variables") AND SRCTITLE("Journal of Management") AND  ( LIMIT-TO ( DOCTYPE ,  "ar" ) )
TITLE (“The Fortune Corporate 'Reputation' Index: Reputation for What?") AND SRCTITLE("Journal of Management") AND  ( LIMIT-TO ( DOCTYPE ,  "ar" ) )
TITLE (“Regression Analysis as an Alternative to Difference Scores") AND SRCTITLE("Journal of Management") AND  ( LIMIT-TO ( DOCTYPE ,  "ar" ) )
TITLE (“Simple Question, Not So Simple Answer: Interpreting Interaction Terms in Moderated Multiple Regression") AND SRCTITLE("Journal of Management") AND  ( LIMIT-TO ( DOCTYPE ,  "ar" ) )
TITLE (“Rejoinder to Edwards's Comments") AND SRCTITLE("Journal of Management") AND  ( LIMIT-TO ( DOCTYPE ,  "ar" ) )
TITLE (“Defending and Extending Difference Score Methods") AND SRCTITLE("Journal of Management") AND  ( LIMIT-TO ( DOCTYPE ,  "ar" ) )
TITLE (“Difference Scores: Rationale, Formulation, and Interpretation") AND SRCTITLE("Journal of Management") AND  ( LIMIT-TO ( DOCTYPE ,  "ar" ) )
TITLE (“From the editor") AND SRCTITLE("Journal of Management") AND  ( LIMIT-TO ( DOCTYPE ,  "ar" ) )
TITLE (“Relating Porter's Configuration/Coordination Framework to Competitive Strategy and Structural Mechanisms: Analysis and Implications") AND SRCTITLE("Journal of Management") AND  ( LIMIT-TO ( DOCTYPE ,  "ar" ) )
TITLE (“Pilgrim's Progress: Trends and Convergence in Research on Organizational Size and Environments") AND SRCTITLE("Journal of Management") AND  ( LIMIT-TO ( DOCTYPE ,  "ar" ) )
TITLE (“Don't “Waste” Your Time! The Effects of Time Series Errors in Management Research: The Case of Ownership Concentration and Research and Development Spending") AND SRCTITLE("Journal of Management") AND  ( LIMIT-TO ( DOCTYPE ,  "ar" ) )
TITLE (“Interaction, Nonlinearity, and Multicollinearity: Implications for Multiple Regression") AND SRCTITLE("Journal of Management") AND  ( LIMIT-TO ( DOCTYPE ,  "ar" ) )
TITLE (“Editor's Comments") AND SRCTITLE("Journal of Management") AND  ( LIMIT-TO ( DOCTYPE ,  "ar" ) )
TITLE (“Cross-Currents in the River of Time: Conceptualizing the Complexities of Women's Careers") AND SRCTITLE("Journal of Management") AND  ( LIMIT-TO ( DOCTYPE ,  "ar" ) )
TITLE (“The Social Implications of Punishing Unethical Behavior: Observers' Cognitive and Affective Reactions") AND SRCTITLE("Journal of Management") AND  ( LIMIT-TO ( DOCTYPE ,  "ar" ) )
TITLE (“Insights Between Environmental Scanning Activities and Porter's Generic Strategies: An Empirical Analysis") AND SRCTITLE("Journal of Management") AND  ( LIMIT-TO ( DOCTYPE ,  "ar" ) )
TITLE (“Comments from the Editor") AND SRCTITLE("Journal of Management") AND  ( LIMIT-TO ( DOCTYPE ,  "ar" ) )
TITLE (“Comments from the Editor") AND SRCTITLE("Journal of Management") AND  ( LIMIT-TO ( DOCTYPE ,  "ar" ) )
TITLE (“Dimensions and Constructs: A Response to Dess and Rasheed") AND SRCTITLE("Journal of Management") AND  ( LIMIT-TO ( DOCTYPE ,  "ar" ) )
TITLE (“A Leader's Wake: Organization Member Reactions to CEO Succession") AND SRCTITLE("Journal of Management") AND  ( LIMIT-TO ( DOCTYPE ,  "ar" ) )
TITLE (“Comments from the Editor") AND SRCTITLE("Journal of Management") AND  ( LIMIT-TO ( DOCTYPE ,  "ar" ) )
TITLE (“Special Theory Forum the Resource-Based Model of the Firm: Origins, Implications, and Prospects") AND SRCTITLE("Journal of Management") AND  ( LIMIT-TO ( DOCTYPE ,  "ar" ) )
TITLE (“What Is Strategy's Distinctive Competence?") AND SRCTITLE("Journal of Management") AND  ( LIMIT-TO ( DOCTYPE ,  "ar" ) )
TITLE (“Organizational Design and Management Norms: A Comparative Study of Managers’ Perceptions in the People's Republic of China, Hong Kong, and Canada") AND SRCTITLE("Journal of Management") AND  ( LIMIT-TO ( DOCTYPE ,  "ar" ) )
TITLE (“Mergers and Shareholder Returns: The Roles of Acquiring Firm's Ownership and Diversification Strategy") AND SRCTITLE("Journal of Management") AND  ( LIMIT-TO ( DOCTYPE ,  "ar" ) )
TITLE (“Comments from the Editors") AND SRCTITLE("Journal of Management") AND  ( LIMIT-TO ( DOCTYPE ,  "ar" ) )
TITLE (“Comments from the Editor") AND SRCTITLE("Journal of Management") AND  ( LIMIT-TO ( DOCTYPE ,  "ar" ) )
TITLE (“Comments From the Editor") AND SRCTITLE("Journal of Management") AND  ( LIMIT-TO ( DOCTYPE ,  "ar" ) )
TITLE (“Comments from the Editor") AND SRCTITLE("Journal of Management") AND  ( LIMIT-TO ( DOCTYPE ,  "ar" ) )
TITLE (“Comments from the Editors") AND SRCTITLE("Journal of Management") AND  ( LIMIT-TO ( DOCTYPE ,  "ar" ) )
TITLE (“Comments from the Editor") AND SRCTITLE("Journal of Management") AND  ( LIMIT-TO ( DOCTYPE ,  "ar" ) )
TITLE (“Comments from the Editor") AND SRCTITLE("Journal of Management") AND  ( LIMIT-TO ( DOCTYPE ,  "ar" ) )
TITLE (“Comments from the editor") AND SRCTITLE("Journal of Management") AND  ( LIMIT-TO ( DOCTYPE ,  "ar" ) )
TITLE (“Comments from the editor") AND SRCTITLE("Journal of Management") AND  ( LIMIT-TO ( DOCTYPE ,  "ar" ) )
TITLE (“Comments from the editor") AND SRCTITLE("Journal of Management") AND  ( LIMIT-TO ( DOCTYPE ,  "ar" ) )
TITLE (“Executive's Knowledge of Organizational Problem Types: Applying a Contingency Perspective") AND SRCTITLE("Journal of Management") AND  ( LIMIT-TO ( DOCTYPE ,  "ar" ) )
TITLE (“Comments from the Editor") AND SRCTITLE("Journal of Management") AND  ( LIMIT-TO ( DOCTYPE ,  "ar" ) )
TITLE (“Comments from the Editor") AND SRCTITLE("Journal of Management") AND  ( LIMIT-TO ( DOCTYPE ,  "ar" ) )
TITLE (“The Relationship Between Work/Nonwork Role Conflict and Job-Related Outcomes: Some Unanticipated Findings") AND SRCTITLE("Journal of Management") AND  ( LIMIT-TO ( DOCTYPE ,  "ar" ) )
TITLE (“Directors' Stock Ownership and Organizational Performance: An Investigation of Fortune 500 Companies") AND SRCTITLE("Journal of Management") AND  ( LIMIT-TO ( DOCTYPE ,  "ar" ) )
TITLE (“Comments from the Editors") AND SRCTITLE("Journal of Management") AND  ( LIMIT-TO ( DOCTYPE ,  "ar" ) )
TITLE (“Comments from the Editor") AND SRCTITLE("Journal of Management") AND  ( LIMIT-TO ( DOCTYPE ,  "ar" ) )
TITLE (“Organization Development in the 1980's") AND SRCTITLE("Journal of Management") AND  ( LIMIT-TO ( DOCTYPE ,  "ar" ) )
TITLE (“Comments from the Editor") AND SRCTITLE("Journal of Management") AND  ( LIMIT-TO ( DOCTYPE ,  "ar" ) )
TITLE (“Job Involvement and Organizational Commitment as Interactive Predictors of Tardiness and Absenteeism") AND SRCTITLE("Journal of Management") AND  ( LIMIT-TO ( DOCTYPE ,  "ar" ) )
TITLE (“The Development of Henry Metcalfe's Card System of Shop Returns at Frank ford Arsenal, 1880-1881") AND SRCTITLE("Journal of Management") AND  ( LIMIT-TO ( DOCTYPE ,  "ar" ) )
TITLE (“The Effects of Realistic Job Previews on Applicant Self-Selection and Employee Turnover, Satisfaction, and Coping Ability") AND SRCTITLE("Journal of Management") AND  ( LIMIT-TO ( DOCTYPE ,  "ar" ) )
TITLE (“Erratum") AND SRCTITLE("Journal of Management") AND  ( LIMIT-TO ( DOCTYPE ,  "ar" ) )
TITLE (“Business and Public Policy") AND SRCTITLE("Journal of Management") AND  ( LIMIT-TO ( DOCTYPE ,  "ar" ) )
TITLE (“Comments from the Editor") AND SRCTITLE("Journal of Management") AND  ( LIMIT-TO ( DOCTYPE ,  "ar" ) )
TITLE (“Comments from the Editors") AND SRCTITLE("Journal of Management") AND  ( LIMIT-TO ( DOCTYPE ,  "ar" ) )
TITLE (“Comments from the Editor") AND SRCTITLE("Journal of Management") AND  ( LIMIT-TO ( DOCTYPE ,  "ar" ) )
TITLE (“Coping With the Corporate Tribe: How Women in Different Cultures Experience the Managerial Role") AND SRCTITLE("Journal of Management") AND  ( LIMIT-TO ( DOCTYPE ,  "ar" ) )
TITLE (“Comments from the Editor the Editor's Swan Song") AND SRCTITLE("Journal of Management") AND  ( LIMIT-TO ( DOCTYPE ,  "ar" ) )
TITLE (“Learning What's Inside the Teaching Machine From the Outside: Operant Technology Applied to Cognitive Phenomena") AND SRCTITLE("Journal of Management") AND  ( LIMIT-TO ( DOCTYPE ,  "ar" ) )
TITLE (“Spinning on Symbolism: Taking More Than One Story Seriously") AND SRCTITLE("Journal of Management") AND  ( LIMIT-TO ( DOCTYPE ,  "ar" ) )
TITLE (“Spinning on Symbolism: Creating and Using the Threads of Our Minds") AND SRCTITLE("Journal of Management") AND  ( LIMIT-TO ( DOCTYPE ,  "ar" ) )
TITLE (“Comments from the Editor") AND SRCTITLE("Journal of Management") AND  ( LIMIT-TO ( DOCTYPE ,  "ar" ) )
TITLE (“Special Issue on Organizational Symbolism") AND SRCTITLE("Journal of Management") AND  ( LIMIT-TO ( DOCTYPE ,  "ar" ) )
TITLE (“Errata") AND SRCTITLE("Journal of Management") AND  ( LIMIT-TO ( DOCTYPE ,  "ar" ) )
TITLE (“Pfeffer's Model of Management: An Expansion and Modification") AND SRCTITLE("Journal of Management") AND  ( LIMIT-TO ( DOCTYPE ,  "ar" ) )
TITLE (“Spinning on Symbolism: Disquisition") AND SRCTITLE("Journal of Management") AND  ( LIMIT-TO ( DOCTYPE ,  "ar" ) )
TITLE (“Comments from the Editor") AND SRCTITLE("Journal of Management") AND  ( LIMIT-TO ( DOCTYPE ,  "ar" ) )
TITLE (“Comments from the Editor") AND SRCTITLE("Journal of Management") AND  ( LIMIT-TO ( DOCTYPE ,  "ar" ) )
TITLE (“Spinning on Symbolism: A Brief Note on the Future of Symbolism in Organizational Research") AND SRCTITLE("Journal of Management") AND  ( LIMIT-TO ( DOCTYPE ,  "ar" ) )
TITLE (“Spinning on Symbolism: The Spinning Metaphor and Dialectical Tensions") AND SRCTITLE("Journal of Management") AND  ( LIMIT-TO ( DOCTYPE ,  "ar" ) )
TITLE (“A Partial Test of Janis' Groupthink Model: Effects of Group Cohesiveness and Leader Behavior on Defective Decision Making") AND SRCTITLE("Journal of Management") AND  ( LIMIT-TO ( DOCTYPE ,  "ar" ) )
TITLE (“Spinning on Symbolism: The Liberating Potential of Symbolism") AND SRCTITLE("Journal of Management") AND  ( LIMIT-TO ( DOCTYPE ,  "ar" ) )
TITLE (“Breakfast at Spiro's: Dramaturgy and Dominance") AND SRCTITLE("Journal of Management") AND  ( LIMIT-TO ( DOCTYPE ,  "ar" ) )
TITLE (“Spinning on Symbolism: Imaging Strategy") AND SRCTITLE("Journal of Management") AND  ( LIMIT-TO ( DOCTYPE ,  "ar" ) )
TITLE (“Spinning on Symbolism: Some Developmental Issues in Organizational Symbolism") AND SRCTITLE("Journal of Management") AND  ( LIMIT-TO ( DOCTYPE ,  "ar" ) )
TITLE (“Spinning on Symbolism: The Problem of Ambivalence") AND SRCTITLE("Journal of Management") AND  ( LIMIT-TO ( DOCTYPE ,  "ar" ) )
TITLE (“Comments from the Editor") AND SRCTITLE("Journal of Management") AND  ( LIMIT-TO ( DOCTYPE ,  "ar" ) )
TITLE (“The Relevance of Kahneman and Tversky's Concept of Framing to Organizational Behavior") AND SRCTITLE("Journal of Management") AND  ( LIMIT-TO ( DOCTYPE ,  "ar" ) )
TITLE (“On the Premature Death of Need-Satisfaction Models: An Investigation of Salancik and Pfeffer's Views on Priming and Consistency Artifacts") AND SRCTITLE("Journal of Management") AND  ( LIMIT-TO ( DOCTYPE ,  "ar" ) )
TITLE (“Comments from the Editor") AND SRCTITLE("Journal of Management") AND  ( LIMIT-TO ( DOCTYPE ,  "ar" ) )
TITLE (“The Effects of Multiple Sources of Performance Feedback and Feedback Favorability on Self-Perceived Task Competence and Perceived Feedback Accuracy") AND SRCTITLE("Journal of Management") AND  ( LIMIT-TO ( DOCTYPE ,  "ar" ) )
TITLE (“I'm Sorry That Science Is a Complex Phenomenon and It Doesn't Work by Simpleminded Rules") AND SRCTITLE("Journal of Management") AND  ( LIMIT-TO ( DOCTYPE ,  "ar" ) )
TITLE (“Comments from the editor") AND SRCTITLE("Journal of Management") AND  ( LIMIT-TO ( DOCTYPE ,  "ar" ) )
TITLE (“Erratum") AND SRCTITLE("Journal of Management") AND  ( LIMIT-TO ( DOCTYPE ,  "ar" ) )
TITLE (“Comments from the Editor") AND SRCTITLE("Journal of Management") AND  ( LIMIT-TO ( DOCTYPE ,  "ar" ) )
TITLE (“Negotiating Corporate Combinations: A Theory and Evidence") AND SRCTITLE("Journal of Management") AND  ( LIMIT-TO ( DOCTYPE ,  "ar" ) )
TITLE (“Measuring Organizational Slack: A Note on the Convergence and Divergence of Alternative Operational Definitions") AND SRCTITLE("Journal of Management") AND  ( LIMIT-TO ( DOCTYPE ,  "ar" ) )
TITLE (“A Comparison of Moderated Regression Techniques Considering Strength of Effect") AND SRCTITLE("Journal of Management") AND  ( LIMIT-TO ( DOCTYPE ,  "ar" ) )
TITLE (“An Evaluation of the Reliability, Stability and Factor Structure of the Manifest Needs Questionnaire") AND SRCTITLE("Journal of Management") AND  ( LIMIT-TO ( DOCTYPE ,  "ar" ) )
TITLE (“Plateaued and Non-Plateaued Managers: Factors in Job Performance") AND SRCTITLE("Journal of Management") AND  ( LIMIT-TO ( DOCTYPE ,  "ar" ) )
TITLE (“Organization Structure and Administrative Control: A Question of Dimensionality") AND SRCTITLE("Journal of Management") AND  ( LIMIT-TO ( DOCTYPE ,  "ar" ) )
TITLE (“Manager's Self Assessments of Managerial Roles: The Influence of Hierarchical Level") AND SRCTITLE("Journal of Management") AND  ( LIMIT-TO ( DOCTYPE ,  "ar" ) )
TITLE (“Role of Valid Test Score Information and Other Factors in Selection Decision-Making") AND SRCTITLE("Journal of Management") AND  ( LIMIT-TO ( DOCTYPE ,  "ar" ) )
TITLE (“Managerial Perceptions of Career Planning Information") AND SRCTITLE("Journal of Management") AND  ( LIMIT-TO ( DOCTYPE ,  "ar" ) )
TITLE (“Editorial Comment") AND SRCTITLE("Journal of Management") AND  ( LIMIT-TO ( DOCTYPE ,  "ar" ) )
TITLE (“Wage and Salary Administrative Practices and Decision Process") AND SRCTITLE("Journal of Management") AND  ( LIMIT-TO ( DOCTYPE ,  "ar" ) )
TITLE (“Early Years of the Ohio State University Leadership Studies") AND SRCTITLE("Journal of Management") AND  ( LIMIT-TO ( DOCTYPE ,  "ar" ) )
TITLE (“A Reexamination of the Preferred Job Attributes of Full-Time and Part-Time Workers") AND SRCTITLE("Journal of Management") AND  ( LIMIT-TO ( DOCTYPE ,  "ar" ) )
TITLE (“Editorial Comment") AND SRCTITLE("Journal of Management") AND  ( LIMIT-TO ( DOCTYPE ,  "ar" ) )
TITLE (“Reply From The Authors") AND SRCTITLE("Journal of Management") AND  ( LIMIT-TO ( DOCTYPE ,  "ar" ) )
TITLE (“Experimental Test of a Return on Effort Version of Expectancy Theory: Across-Person and Within-Person Analyses") AND SRCTITLE("Journal of Management") AND  ( LIMIT-TO ( DOCTYPE ,  "ar" ) )
TITLE (“A Note on Handling Missing Data") AND SRCTITLE("Journal of Management") AND  ( LIMIT-TO ( DOCTYPE ,  "ar" ) )
TITLE (“A Comparison of Two Inventory Decision Models") AND SRCTITLE("Journal of Management") AND  ( LIMIT-TO ( DOCTYPE ,  "ar" ) )
TITLE (“The Ethics of Social Responsiblity: A Discriminant Analysis") AND SRCTITLE("Journal of Management") AND  ( LIMIT-TO ( DOCTYPE ,  "ar" ) )
TITLE (“The Relationship of Managerial Behavior Dimensions and Situational Variables") AND SRCTITLE("Journal of Management") AND  ( LIMIT-TO ( DOCTYPE ,  "ar" ) )
TITLE (“Editorial Comments") AND SRCTITLE("Journal of Management") AND  ( LIMIT-TO ( DOCTYPE ,  "ar" ) )
TITLE (“Co-Determination in The United States?") AND SRCTITLE("Journal of Management") AND  ( LIMIT-TO ( DOCTYPE ,  "ar" ) )
TITLE (“Effects of Role-Playing on Perceptions of Union Leaders") AND SRCTITLE("Journal of Management") AND  ( LIMIT-TO ( DOCTYPE ,  "ar" ) )
TITLE (“The Impact of Manager's Job Characteristics and Performance on Satisfaction, Involvement, and Intrinsic Motivation") AND SRCTITLE("Journal of Management") AND  ( LIMIT-TO ( DOCTYPE ,  "ar" ) )
TITLE (“Determinants of Administrative Intensity") AND SRCTITLE("Journal of Management") AND  ( LIMIT-TO ( DOCTYPE ,  "ar" ) )
TITLE (“Designing an Effective Problem Solving Organization With The MAPS Design Technology") AND SRCTITLE("Journal of Management") AND  ( LIMIT-TO ( DOCTYPE ,  "ar" ) )
TITLE (“An Empirical Test of the Decision to Participate Model") AND SRCTITLE("Journal of Management") AND  ( LIMIT-TO ( DOCTYPE ,  "ar" ) )
TITLE (“Organizational Climate and Productivity") AND SRCTITLE("Journal of Management") AND  ( LIMIT-TO ( DOCTYPE ,  "ar" ) )
TITLE (“A Causal-Correlational Investigation Of The Performance, Satisfaction, And Reward Relationship") AND SRCTITLE("Journal of Management") AND  ( LIMIT-TO ( DOCTYPE ,  "ar" ) )
TITLE (“Developing Younger Workers: A Look at Who Gets Trained") AND SRCTITLE("Journal of Management") AND  ( LIMIT-TO ( DOCTYPE ,  "ar" ) )
TITLE (“Success, Failure, No Evaluation in Participatory, Autocratic and Leaderless Groups") AND SRCTITLE("Journal of Management") AND  ( LIMIT-TO ( DOCTYPE ,  "ar" ) )
TITLE (“Birth Order and Managerial Achievement: Another Look") AND SRCTITLE("Journal of Management") AND  ( LIMIT-TO ( DOCTYPE ,  "ar" ) )
TITLE (“Faculty Consulting: Fact and Fallacy") AND SRCTITLE("Journal of Management") AND  ( LIMIT-TO ( DOCTYPE ,  "ar" ) )
TITLE (“The Management Crunch: A Challenge for Business Education") AND SRCTITLE("Journal of Management") AND  ( LIMIT-TO ( DOCTYPE ,  "ar" ) )
TITLE (“Graduate Business Education - 75th Anniversary (1900-1975)") AND SRCTITLE("Journal of Management") AND  ( LIMIT-TO ( DOCTYPE ,  "ar" ) )
TITLE (“The Effects of Anonymity Versus Identified But Confidential Response Conditions In Organizational Research") AND SRCTITLE("Journal of Management") AND  ( LIMIT-TO ( DOCTYPE ,  "ar" ) )
TITLE (“The E.P.R.G. Schema and Multinational Management: A Perspective of Employment Practices") AND SRCTITLE("Journal of Management") AND  ( LIMIT-TO ( DOCTYPE ,  "ar" ) )
TITLE (“Changing Patterns of Significant Authors on Leadership and Managerial Effectiveness") AND SRCTITLE("Journal of Management") AND  ( LIMIT-TO ( DOCTYPE ,  "ar" ) )
TITLE (“Life Style, Work Group Structure, Compatibilities, and Job Satisfaction") AND SRCTITLE("Journal of Management") AND  ( LIMIT-TO ( DOCTYPE ,  "ar" ) )
TITLE (“Editorial Comment") AND SRCTITLE("Journal of Management") AND  ( LIMIT-TO ( DOCTYPE ,  "ar" ) )
TITLE (“The Relationship of Information Sharing Norms and Leader Behavior") AND SRCTITLE("Journal of Management") AND  ( LIMIT-TO ( DOCTYPE ,  "ar" ) )
TITLE (“Role Ambiguity, Job-Related Tension and Job Satisfaction") AND SRCTITLE("Journal of Management") AND  ( LIMIT-TO ( DOCTYPE ,  "ar" ) )
